[+] Containers:
 |- [+] Container: /Game/Level/kak/Kakmap
 |   |- [+] ActorDescs:
 |   |   |- Guid:01E51D934585640F6002B59901826D0C BaseClass: NativeClass:/Script/Engine.StaticMeshActor Name:StaticMeshActor_UAID_08BFB8C0C99EF2B701_1599437000 Label:SM_Cube25 SpatiallyLoaded:1 Bounds:IsValid=true, Min=(X=-1061.000 Y=2089.000 Z=1.000), Max=(X=-984.286 Y=4119.109 Z=360.375) RuntimeGrid:None EditorOnly:0 RuntimeOnly:0 HLODRelevant:1 FolderPath:Level/First/wall FolderGuid:45938DE4457A18FA357975812C51FBC3
 |   |   |- Guid:01F8D3844B808BFD36B7A790BBAE50CE BaseClass:/Game/ThirdPerson/Blueprints/Nathan/Breakdoor.Breakdoor_C NativeClass:/Script/Engine.Actor Name:Breakdoor_C_UAID_0068EBB84772DEB301_1745939256 Label:Breakdoor SpatiallyLoaded:1 Bounds:IsValid=true, Min=(X=49.500 Y=4326.000 Z=-54.000), Max=(X=850.500 Y=4614.000 Z=234.000) RuntimeGrid:None EditorOnly:0 RuntimeOnly:0 HLODRelevant:0
 |   |   |- Guid:07996F64490E8F53A67512B74E57DC19 BaseClass: NativeClass:/Script/Engine.StaticMeshActor Name:StaticMeshActor_UAID_08BFB8C0C99E9BB601_1946159659 Label:SM_Cube24 SpatiallyLoaded:1 Bounds:IsValid=true, Min=(X=1100.000 Y=7449.000 Z=551.000), Max=(X=1112.500 Y=8349.000 Z=910.375) RuntimeGrid:None EditorOnly:0 RuntimeOnly:0 HLODRelevant:1 FolderPath:Level/Fifth/wall FolderGuid:8F1B3C8640DEBB597F7F69BC54F96BA2
 |   |   |- Guid:08ADB2434466B2ED28F590890F8BE462 BaseClass: NativeClass:/Script/Engine.StaticMeshActor Name:StaticMeshActor_UAID_08BFB8C0C99E9CB601_1268769841 Label:SM_Cube29 SpatiallyLoaded:1 Bounds:IsValid=true, Min=(X=-200.000 Y=9629.000 Z=551.000), Max=(X=1112.500 Y=9647.750 Z=910.375) RuntimeGrid:None EditorOnly:0 RuntimeOnly:0 HLODRelevant:1 FolderPath:Level/Sixth/wall FolderGuid:CA1B8F4B45C529F586166BBC89E0533B
 |   |   |- Guid:1DD920A24E0A382947F7E297D74BD930 BaseClass: NativeClass:/Script/Engine.StaticMeshActor Name:StaticMeshActor_UAID_08BFB8C0C99EF2B701_1599437001 Label:SM_Cube30 SpatiallyLoaded:1 Bounds:IsValid=true, Min=(X=-2001.000 Y=2089.000 Z=1.000), Max=(X=-1925.049 Y=4119.109 Z=360.375) RuntimeGrid:None EditorOnly:0 RuntimeOnly:0 HLODRelevant:1 FolderPath:Level/First/wall FolderGuid:45938DE4457A18FA357975812C51FBC3
 |   |   |- Guid:2185ED8E41F8466E4FF3638B18FCF7BD BaseClass: NativeClass:/Script/Engine.StaticMeshActor Name:StaticMeshActor_UAID_08BFB8C0C99EF2B701_1599439003 Label:SM_Cube32 SpatiallyLoaded:1 Bounds:IsValid=true, Min=(X=-1931.000 Y=2089.000 Z=1.000), Max=(X=-1059.125 Y=2239.292 Z=365.069) RuntimeGrid:None EditorOnly:0 RuntimeOnly:0 HLODRelevant:1 FolderPath:Level/First/wall FolderGuid:45938DE4457A18FA357975812C51FBC3
 |   |   |- Guid:26F46E9745459AE770C74E87744D60E2 BaseClass:/Game/ThirdPerson/Blueprints/Nathan/LightCharger.LightCharger_C NativeClass:/Script/Engine.Actor Name:LightCharger_C_UAID_08BFB8C0C99E9CB601_1372208842 Label:LightCharger2 SpatiallyLoaded:1 Bounds:IsValid=true, Min=(X=842.000 Y=9370.000 Z=538.000), Max=(X=1098.000 Y=9626.000 Z=602.000) RuntimeGrid:None EditorOnly:0 RuntimeOnly:0 HLODRelevant:0
 |   |   |- Guid:2E23F3F14924C4B437F8499271AE996F BaseClass: NativeClass:/Script/Engine.StaticMeshActor Name:StaticMeshActor_UAID_08BFB8C0C99E9BB601_1310927641 Label:SM_Cube11 SpatiallyLoaded:1 Bounds:IsValid=true, Min=(X=865.000 Y=3368.796 Z=1.000), Max=(X=874.375 Y=4268.796 Z=360.375) RuntimeGrid:None EditorOnly:0 RuntimeOnly:0 HLODRelevant:1 FolderPath:Level/Second/wall FolderGuid:8ECF8C1545A5767CC21C89A8CA9FB4F9
 |   |   |- Guid:2E83023A43D8A89F7E6E0F87FE048915 BaseClass: NativeClass:/Script/Engine.StaticMeshActor Name:StaticMeshActor_UAID_08BFB8C0C99E9BB601_1635920647 Label:SM_Cube14 SpatiallyLoaded:1 Bounds:IsValid=true, Min=(X=0.000 Y=4668.796 Z=-50.000), Max=(X=878.125 Y=5568.796 Z=0.000) RuntimeGrid:None EditorOnly:0 RuntimeOnly:0 HLODRelevant:1 FolderPath:Level/Third/wall FolderGuid:713100E8402D06F72B5F9C819AE9B94B
 |   |   |- Guid:374530124AA08094E43A7885D728508B BaseClass: NativeClass:/Script/Engine.StaticMeshActor Name:StaticMeshActor_UAID_08BFB8C0C99E9BB601_1380313643 Label:SM_Cube12 SpatiallyLoaded:1 Bounds:IsValid=true, Min=(X=300.000 Y=3009.000 Z=-50.000), Max=(X=603.125 Y=3371.500 Z=0.000) RuntimeGrid:None EditorOnly:0 RuntimeOnly:0 HLODRelevant:1 FolderPath:Level/Second/wall FolderGuid:8ECF8C1545A5767CC21C89A8CA9FB4F9
 |   |   |- Guid:4634141B4B26CA8DF241478B0208274F BaseClass:/Game/ThirdPerson/Blueprints/Nathan/AirLift.AirLift_C NativeClass:/Script/Engine.Actor Name:AirLift_C_UAID_0068EBB84772E2B301_1986006961 Label:AirLift SpatiallyLoaded:1 Bounds:IsValid=true, Min=(X=314.000 Y=5604.000 Z=-136.000), Max=(X=586.000 Y=5876.000 Z=136.000) RuntimeGrid:None EditorOnly:0 RuntimeOnly:0 HLODRelevant:0
 |   |   |- Guid:487E452C41AF3428D57038A72034EF59 BaseClass: NativeClass:/Script/Engine.StaticMeshActor Name:StaticMeshActor_UAID_08BFB8C0C99E9BB601_1310927640 Label:SM_Cube10 SpatiallyLoaded:1 Bounds:IsValid=true, Min=(X=0.000 Y=3359.000 Z=1.000), Max=(X=12.500 Y=4259.000 Z=360.375) RuntimeGrid:None EditorOnly:0 RuntimeOnly:0 HLODRelevant:1 FolderPath:Level/Second/wall FolderGuid:8ECF8C1545A5767CC21C89A8CA9FB4F9
 |   |   |- Guid:49AC54A549395DEA48361ABECB884180 BaseClass: NativeClass:/Script/Engine.ExponentialHeightFog Name:ExponentialHeightFog_0 Label:ExponentialHeightFog SpatiallyLoaded:0 Bounds:IsValid=true, Min=(X=-5600.000 Y=-50.000 Z=-6850.000), Max=(X=-5600.000 Y=-50.000 Z=-6850.000) RuntimeGrid:None EditorOnly:0 RuntimeOnly:0 HLODRelevant:0 FolderPath:Lighting FolderGuid:963EC3EB4002CCE9759E2EBA541A873A
 |   |   |- Guid:591D19364510D8D33DFADEA0C59F1F7E BaseClass: NativeClass:/Script/Engine.StaticMeshActor Name:StaticMeshActor_UAID_08BFB8C0C99E9BB601_2097649662 Label:SM_Cube27 SpatiallyLoaded:1 Bounds:IsValid=true, Min=(X=-200.000 Y=8749.000 Z=551.000), Max=(X=-187.500 Y=9649.000 Z=910.375) RuntimeGrid:None EditorOnly:0 RuntimeOnly:0 HLODRelevant:1 FolderPath:Level/Sixth/wall FolderGuid:CA1B8F4B45C529F586166BBC89E0533B
 |   |   |- Guid:59F6E2C6481B4F434E5A748909763009 BaseClass: NativeClass:/Script/Engine.SkyLight Name:SkyLight_1 Label:SkyLight SpatiallyLoaded:0 Bounds:IsValid=true, Min=(X=0.000 Y=0.000 Z=690.000), Max=(X=0.000 Y=0.000 Z=690.000) RuntimeGrid:None EditorOnly:0 RuntimeOnly:0 HLODRelevant:0 FolderPath:Lighting FolderGuid:963EC3EB4002CCE9759E2EBA541A873A
 |   |   |- Guid:6ED2EC0140CD847F69AABF85012E8433 BaseClass: NativeClass:/Script/Engine.WorldDataLayers Name:WorldDataLayers Label:WorldDataLayers SpatiallyLoaded:0 Bounds:IsValid=true, Min=(X=0.000 Y=0.000 Z=0.000), Max=(X=0.000 Y=0.000 Z=0.000) RuntimeGrid:None EditorOnly:0 RuntimeOnly:0 HLODRelevant:0
 |   |   |- Guid:6FB356E24DAF3546EA9CA5BC384E63DC BaseClass: NativeClass:/Script/Engine.DirectionalLight Name:DirectionalLight_0 Label:DirectionalLight SpatiallyLoaded:0 Bounds:IsValid=true, Min=(X=-4398046511104.000 Y=-4398046511104.000 Z=-4398046511104.000), Max=(X=4398046511104.000 Y=4398046511104.000 Z=4398046511104.000) RuntimeGrid:None EditorOnly:0 RuntimeOnly:0 HLODRelevant:0 FolderPath:Lighting FolderGuid:963EC3EB4002CCE9759E2EBA541A873A
 |   |   |- Guid:7199E2BD48BEEB4883EECA86203969E9 BaseClass:/Game/ThirdPerson/Blueprints/Nathan/IceDummy.IceDummy_C NativeClass:/Script/Engine.Actor Name:IceDummy_C_UAID_08BFB8C0C99E9BB601_1580924645 Label:IceDummy2 SpatiallyLoaded:1 Bounds:IsValid=true, Min=(X=-34.000 Y=3596.000 Z=-94.000), Max=(X=254.000 Y=3884.000 Z=194.000) RuntimeGrid:None EditorOnly:0 RuntimeOnly:0 HLODRelevant:0
 |   |   |- Guid:799936224479AF60966AD19CBB4A696F BaseClass: NativeClass:/Script/Engine.VolumetricCloud Name:VolumetricCloud_0 Label:VolumetricCloud SpatiallyLoaded:0 Bounds:IsValid=true, Min=(X=0.000 Y=0.000 Z=820.000), Max=(X=0.000 Y=0.000 Z=820.000) RuntimeGrid:None EditorOnly:0 RuntimeOnly:0 HLODRelevant:0 FolderPath:Lighting FolderGuid:963EC3EB4002CCE9759E2EBA541A873A
 |   |   |- Guid:7B1A6C71465A244D81F7259A7D4EFE50 BaseClass: NativeClass:/Script/Engine.StaticMeshActor Name:StaticMeshActor_UAID_08BFB8C0C99E9BB601_1635922649 Label:SM_Cube16 SpatiallyLoaded:1 Bounds:IsValid=true, Min=(X=865.000 Y=4668.796 Z=1.000), Max=(X=874.375 Y=5568.796 Z=360.375) RuntimeGrid:None EditorOnly:0 RuntimeOnly:0 HLODRelevant:1 FolderPath:Level/Third/wall FolderGuid:713100E8402D06F72B5F9C819AE9B94B
 |   |   |- Guid:7F8BE2BA472BC05EB333FFB44A16D161 BaseClass:/Game/ThirdPerson/Blueprints/Nathan/IceDummy.IceDummy_C NativeClass:/Script/Engine.Actor Name:IceDummy_C_UAID_0068EBB84772DAB301_1218583551 Label:IceDummy SpatiallyLoaded:1 Bounds:IsValid=true, Min=(X=646.000 Y=3596.000 Z=-94.000), Max=(X=934.000 Y=3884.000 Z=194.000) RuntimeGrid:None EditorOnly:0 RuntimeOnly:0 HLODRelevant:0
 |   |   |- Guid:825E3E1B4F97495B2186A989EAD8C72A BaseClass: NativeClass:/Script/Engine.StaticMeshActor Name:StaticMeshActor_UAID_08BFB8C0C99E9BB601_1502781644 Label:SM_Cube13 SpatiallyLoaded:1 Bounds:IsValid=true, Min=(X=300.000 Y=4269.000 Z=-50.000), Max=(X=603.125 Y=4672.125 Z=0.000) RuntimeGrid:None EditorOnly:0 RuntimeOnly:0 HLODRelevant:1 FolderPath:Level/Third/wall FolderGuid:713100E8402D06F72B5F9C819AE9B94B
 |   |   |- Guid:856B1469483A8F6F3E5382BFE607A116 BaseClass: NativeClass:/Script/Engine.StaticMeshActor Name:StaticMeshActor_UAID_08BFB8C0C99E9BB601_1896489656 Label:SM_Cube21 SpatiallyLoaded:1 Bounds:IsValid=true, Min=(X=300.000 Y=7049.000 Z=500.000), Max=(X=603.125 Y=7452.125 Z=550.000) RuntimeGrid:None EditorOnly:0 RuntimeOnly:0 HLODRelevant:1 FolderPath:Level/Fifth/wall FolderGuid:8F1B3C8640DEBB597F7F69BC54F96BA2
 |   |   |- Guid:89B8811446E317FFE60C6FB0083326A9 BaseClass: NativeClass:/Script/Engine.StaticMeshActor Name:StaticMeshActor_UAID_08BFB8C0C99E9BB601_1157146634 Label:SM_Cube8 SpatiallyLoaded:1 Bounds:IsValid=true, Min=(X=0.000 Y=2089.000 Z=1.000), Max=(X=871.875 Y=2101.500 Z=197.875) RuntimeGrid:None EditorOnly:0 RuntimeOnly:0 HLODRelevant:1 FolderPath:Level/First/wall FolderGuid:45938DE4457A18FA357975812C51FBC3
 |   |   |- Guid:8BDCC535498544571A72DB8AB082A0BF BaseClass: NativeClass:/Script/Engine.StaticMeshActor Name:StaticMeshActor_UAID_08BFB8C0C99EF2B701_1599437002 Label:SM_Cube31 SpatiallyLoaded:1 Bounds:IsValid=true, Min=(X=-1931.000 Y=2089.000 Z=-50.000), Max=(X=-1052.875 Y=4118.296 Z=0.000) RuntimeGrid:None EditorOnly:0 RuntimeOnly:0 HLODRelevant:1 FolderPath:Level/First/wall FolderGuid:45938DE4457A18FA357975812C51FBC3
 |   |   |- Guid:8D71319F43F002E796DC71AAED2FA2D3 BaseClass:/Game/ThirdPerson/Blueprints/Nathan/WarterTest.WarterTest_C NativeClass:/Script/Engine.Actor Name:WarterTest_C_UAID_08BFB8C0C99E9BB601_2129604664 Label:WarterTest2 SpatiallyLoaded:1 Bounds:IsValid=true, Min=(X=-230.625 Y=8439.000 Z=526.000), Max=(X=1170.625 Y=8621.000 Z=634.000) RuntimeGrid:None EditorOnly:0 RuntimeOnly:0 HLODRelevant:0
 |   |   |- Guid:8E859F5144DB21E68D02FC93A351AFC8 BaseClass:/Game/ThirdPerson/Blueprints/Nathan/LightCharger.LightCharger_C NativeClass:/Script/Engine.Actor Name:LightCharger_C_UAID_D8CB8A6ED47244B301_1219026151 Label:LightCharger SpatiallyLoaded:1 Bounds:IsValid=true, Min=(X=592.000 Y=6530.000 Z=538.000), Max=(X=848.000 Y=6786.000 Z=602.000) RuntimeGrid:None EditorOnly:0 RuntimeOnly:0 HLODRelevant:0
 |   |   |- Guid:91670A6A44B9526ECE642A8B3E902A2D BaseClass: NativeClass:/Script/Engine.StaticMeshActor Name:StaticMeshActor_UAID_08BFB8C0C99E9BB601_1916113657 Label:SM_Cube22 SpatiallyLoaded:1 Bounds:IsValid=true, Min=(X=-200.000 Y=7448.796 Z=500.000), Max=(X=1103.125 Y=8348.796 Z=550.000) RuntimeGrid:None EditorOnly:0 RuntimeOnly:0 HLODRelevant:1 FolderPath:Level/Fifth/wall FolderGuid:8F1B3C8640DEBB597F7F69BC54F96BA2
 |   |   |- Guid:93BBB2E74F66C581F3D238A3C18215C2 BaseClass: NativeClass:/Script/Engine.StaticMeshActor Name:StaticMeshActor_UAID_08BFB8C0C99E9BB601_1310926639 Label:SM_Cube9 SpatiallyLoaded:1 Bounds:IsValid=true, Min=(X=0.000 Y=3368.796 Z=-50.000), Max=(X=878.125 Y=4268.796 Z=0.000) RuntimeGrid:None EditorOnly:0 RuntimeOnly:0 HLODRelevant:1 FolderPath:Level/Second/wall FolderGuid:8ECF8C1545A5767CC21C89A8CA9FB4F9
 |   |   |- Guid:961630704A4729F8C37242B9DB292E5C BaseClass: NativeClass:/Script/Engine.StaticMeshActor Name:StaticMeshActor_UAID_08BFB8C0C99E9BB601_1724271655 Label:SM_Cube20 SpatiallyLoaded:1 Bounds:IsValid=true, Min=(X=865.000 Y=6148.796 Z=551.000), Max=(X=874.375 Y=7048.796 Z=910.375) RuntimeGrid:None EditorOnly:0 RuntimeOnly:0 HLODRelevant:1 FolderPath:Level/Forth FolderGuid:9B796F1C4DFAE8800667F0A9EB18CD02
 |   |   |- Guid:9738F6DB48DA7A8E007DD48FA48BE9DE BaseClass: NativeClass:/Script/Engine.StaticMeshActor Name:StaticMeshActor_UAID_08BFB8C0C99E9BB601_1152111633 Label:SM_Cube7 SpatiallyLoaded:1 Bounds:IsValid=true, Min=(X=865.000 Y=2089.000 Z=1.000), Max=(X=874.375 Y=3007.750 Z=360.375) RuntimeGrid:None EditorOnly:0 RuntimeOnly:0 HLODRelevant:1 FolderPath:Level/First/wall FolderGuid:45938DE4457A18FA357975812C51FBC3
 |   |   |- Guid:9955EA2D4DD55C8B7A071A9605ACABF0 BaseClass: NativeClass:/Script/Engine.StaticMeshActor Name:StaticMeshActor_UAID_08BFB8C0C99E9BB601_2097648661 Label:SM_Cube26 SpatiallyLoaded:1 Bounds:IsValid=true, Min=(X=-200.000 Y=8748.796 Z=500.000), Max=(X=1103.125 Y=9648.796 Z=550.000) RuntimeGrid:None EditorOnly:0 RuntimeOnly:0 HLODRelevant:1 FolderPath:Level/Sixth/wall FolderGuid:CA1B8F4B45C529F586166BBC89E0533B
 |   |   |- Guid:AA76C2EE4493A889091553A6BF90BF85 BaseClass:/Game/ThirdPerson/Blueprints/Nathan/WarterTest.WarterTest_C NativeClass:/Script/Engine.Actor Name:WarterTest_C_UAID_0068EBB84772DCB301_1595283903 Label:WarterTest SpatiallyLoaded:1 Bounds:IsValid=true, Min=(X=0.625 Y=4837.500 Z=-74.000), Max=(X=879.375 Y=5362.500 Z=54.000) RuntimeGrid:None EditorOnly:0 RuntimeOnly:0 HLODRelevant:0
 |   |   |- Guid:AC8CC16940C190BC25027B9D26ECCBFC BaseClass: NativeClass:/Script/Engine.StaticMeshActor Name:StaticMeshActor_UAID_08BFB8C0C99E9BB601_1075004631 Label:SM_Cube5 SpatiallyLoaded:1 Bounds:IsValid=true, Min=(X=0.000 Y=2089.000 Z=-50.000), Max=(X=878.125 Y=3007.750 Z=0.000) RuntimeGrid:None EditorOnly:0 RuntimeOnly:0 HLODRelevant:1 FolderPath:Level/First/wall FolderGuid:45938DE4457A18FA357975812C51FBC3
 |   |   |- Guid:AFEFABB44250DB891FF93BBBC6A76EE3 BaseClass: NativeClass:/Script/Engine.StaticMeshActor Name:StaticMeshActor_UAID_08BFB8C0C99E9BB601_1939830658 Label:SM_Cube23 SpatiallyLoaded:1 Bounds:IsValid=true, Min=(X=-200.000 Y=7449.000 Z=551.000), Max=(X=-187.500 Y=8349.000 Z=910.375) RuntimeGrid:None EditorOnly:0 RuntimeOnly:0 HLODRelevant:1 FolderPath:Level/Fifth/wall FolderGuid:8F1B3C8640DEBB597F7F69BC54F96BA2
 |   |   |- Guid:B3F6A72E4E49AB99AA0772AA477E9D01 BaseClass: NativeClass:/Script/Engine.StaticMeshActor Name:StaticMeshActor_UAID_08BFB8C0C99E9BB601_1724269653 Label:SM_Cube18 SpatiallyLoaded:1 Bounds:IsValid=true, Min=(X=0.000 Y=6148.796 Z=500.000), Max=(X=878.125 Y=7048.796 Z=550.000) RuntimeGrid:None EditorOnly:0 RuntimeOnly:0 HLODRelevant:1 FolderPath:Level/Forth FolderGuid:9B796F1C4DFAE8800667F0A9EB18CD02
 |   |   |- Guid:B929B14B45ADA14F7A534F87EFE82804 BaseClass: NativeClass:/Script/Engine.StaticMeshActor Name:StaticMeshActor_UAID_08BFB8C0C99E9BB601_1724270654 Label:SM_Cube19 SpatiallyLoaded:1 Bounds:IsValid=true, Min=(X=0.000 Y=6139.000 Z=551.000), Max=(X=12.500 Y=7039.000 Z=910.375) RuntimeGrid:None EditorOnly:0 RuntimeOnly:0 HLODRelevant:1 FolderPath:Level/Forth FolderGuid:9B796F1C4DFAE8800667F0A9EB18CD02
 |   |   |- Guid:C34C17EC4C3E7A0D15B32CA4187CC3D7 BaseClass:/Game/ThirdPerson/Blueprints/Nathan/IceDummy.IceDummy_C NativeClass:/Script/Engine.Actor Name:IceDummy_C_UAID_08BFB8C0C99E9BB601_1589704646 Label:IceDummy3 SpatiallyLoaded:1 Bounds:IsValid=true, Min=(X=-183.500 Y=3096.500 Z=-423.500), Max=(X=1103.500 Y=4383.500 Z=863.500) RuntimeGrid:None EditorOnly:0 RuntimeOnly:0 HLODRelevant:0
 |   |   |- Guid:CADF5F9543365942297A478DF33BA598 BaseClass: NativeClass:/Script/Engine.StaticMeshActor Name:StaticMeshActor_UAID_08BFB8C0C99E9BB601_1124165632 Label:SM_Cube6 SpatiallyLoaded:1 Bounds:IsValid=true, Min=(X=0.000 Y=2089.000 Z=1.000), Max=(X=12.500 Y=3007.750 Z=360.375) RuntimeGrid:None EditorOnly:0 RuntimeOnly:0 HLODRelevant:1 FolderPath:Level/First/wall FolderGuid:45938DE4457A18FA357975812C51FBC3
 |   |   |- Guid:D3743F97457FC83A96EB17B636AAE601 BaseClass: NativeClass:/Script/Engine.StaticMeshActor Name:StaticMeshActor_UAID_08BFB8C0C99EF3B701_1103112175 Label:SM_Cube33 SpatiallyLoaded:1 Bounds:IsValid=true, Min=(X=-1931.000 Y=2089.000 Z=335.000), Max=(X=-1052.875 Y=4118.296 Z=385.000) RuntimeGrid:None EditorOnly:0 RuntimeOnly:0 HLODRelevant:1 FolderPath:Level/First/wall FolderGuid:45938DE4457A18FA357975812C51FBC3
 |   |   |- Guid:E3CACB644B0781E007A7E29AB1E6F412 BaseClass: NativeClass:/Script/Engine.StaticMeshActor Name:StaticMeshActor_UAID_08BFB8C0C99E9BB601_2097650663 Label:SM_Cube28 SpatiallyLoaded:1 Bounds:IsValid=true, Min=(X=1100.000 Y=8749.000 Z=551.000), Max=(X=1112.500 Y=9649.000 Z=910.375) RuntimeGrid:None EditorOnly:0 RuntimeOnly:0 HLODRelevant:1 FolderPath:Level/Sixth/wall FolderGuid:CA1B8F4B45C529F586166BBC89E0533B
 |   |   |- Guid:F15A4ADB4B91C3B6CCBCA78227C7E7ED BaseClass: NativeClass:/Script/Engine.SkyAtmosphere Name:SkyAtmosphere_0 Label:SkyAtmosphere SpatiallyLoaded:0 Bounds:IsValid=true, Min=(X=0.000 Y=0.000 Z=1020.000), Max=(X=0.000 Y=0.000 Z=1020.000) RuntimeGrid:None EditorOnly:0 RuntimeOnly:0 HLODRelevant:0 FolderPath:Lighting FolderGuid:963EC3EB4002CCE9759E2EBA541A873A
 |   |   |- Guid:F772881547A16BB15FE06AA6E422C06E BaseClass: NativeClass:/Script/Engine.StaticMeshActor Name:StaticMeshActor_UAID_08BFB8C0C99E9BB601_1635921648 Label:SM_Cube15 SpatiallyLoaded:1 Bounds:IsValid=true, Min=(X=0.000 Y=4659.000 Z=1.000), Max=(X=12.500 Y=5559.000 Z=360.375) RuntimeGrid:None EditorOnly:0 RuntimeOnly:0 HLODRelevant:1 FolderPath:Level/Third/wall FolderGuid:713100E8402D06F72B5F9C819AE9B94B
 |   |   |- Guid:F93A12604D541BCFD18B899C59010CF4 BaseClass: NativeClass:/Script/Engine.PlayerStart Name:PlayerStart_UAID_08BFB8C0C99EF2B701_1599431999 Label:PlayerStart2 SpatiallyLoaded:0 Bounds:IsValid=true, Min=(X=-1617.338 Y=3083.662 Z=0.013), Max=(X=-1524.662 Y=3176.338 Z=184.013) RuntimeGrid:None EditorOnly:0 RuntimeOnly:0 HLODRelevant:0
 |   |   |- Guid:FAED75A84B0CEA5BCF892DAC27390218 BaseClass: NativeClass:/Script/Engine.StaticMeshActor Name:StaticMeshActor_UAID_08BFB8C0C99E9BB601_1671361652 Label:SM_Cube17 SpatiallyLoaded:1 Bounds:IsValid=true, Min=(X=300.000 Y=5569.000 Z=-50.000), Max=(X=603.125 Y=5972.125 Z=0.000) RuntimeGrid:None EditorOnly:0 RuntimeOnly:0 HLODRelevant:1 FolderPath:Level/Forth FolderGuid:9B796F1C4DFAE8800667F0A9EB18CD02
 |   |- [+] Clusters:
 |   |   |- [+] [  0]
 |   |   |   |- Guid:4634141B4B26CA8DF241478B0208274F BaseClass:/Game/ThirdPerson/Blueprints/Nathan/AirLift.AirLift_C NativeClass:/Script/Engine.Actor Name:AirLift_C_UAID_0068EBB84772E2B301_1986006961 Label:AirLift SpatiallyLoaded:1 Bounds:IsValid=true, Min=(X=314.000 Y=5604.000 Z=-136.000), Max=(X=586.000 Y=5876.000 Z=136.000) RuntimeGrid:None EditorOnly:0 RuntimeOnly:0 HLODRelevant:0
 |   |   |- [+] [  1]
 |   |   |   |- Guid:AFEFABB44250DB891FF93BBBC6A76EE3 BaseClass: NativeClass:/Script/Engine.StaticMeshActor Name:StaticMeshActor_UAID_08BFB8C0C99E9BB601_1939830658 Label:SM_Cube23 SpatiallyLoaded:1 Bounds:IsValid=true, Min=(X=-200.000 Y=7449.000 Z=551.000), Max=(X=-187.500 Y=8349.000 Z=910.375) RuntimeGrid:None EditorOnly:0 RuntimeOnly:0 HLODRelevant:1 FolderPath:Level/Fifth/wall FolderGuid:8F1B3C8640DEBB597F7F69BC54F96BA2
 |   |   |- [+] [  2]
 |   |   |   |- Guid:8D71319F43F002E796DC71AAED2FA2D3 BaseClass:/Game/ThirdPerson/Blueprints/Nathan/WarterTest.WarterTest_C NativeClass:/Script/Engine.Actor Name:WarterTest_C_UAID_08BFB8C0C99E9BB601_2129604664 Label:WarterTest2 SpatiallyLoaded:1 Bounds:IsValid=true, Min=(X=-230.625 Y=8439.000 Z=526.000), Max=(X=1170.625 Y=8621.000 Z=634.000) RuntimeGrid:None EditorOnly:0 RuntimeOnly:0 HLODRelevant:0
 |   |   |- [+] [  3]
 |   |   |   |- Guid:2185ED8E41F8466E4FF3638B18FCF7BD BaseClass: NativeClass:/Script/Engine.StaticMeshActor Name:StaticMeshActor_UAID_08BFB8C0C99EF2B701_1599439003 Label:SM_Cube32 SpatiallyLoaded:1 Bounds:IsValid=true, Min=(X=-1931.000 Y=2089.000 Z=1.000), Max=(X=-1059.125 Y=2239.292 Z=365.069) RuntimeGrid:None EditorOnly:0 RuntimeOnly:0 HLODRelevant:1 FolderPath:Level/First/wall FolderGuid:45938DE4457A18FA357975812C51FBC3
 |   |   |- [+] [  4]
 |   |   |   |- Guid:2E83023A43D8A89F7E6E0F87FE048915 BaseClass: NativeClass:/Script/Engine.StaticMeshActor Name:StaticMeshActor_UAID_08BFB8C0C99E9BB601_1635920647 Label:SM_Cube14 SpatiallyLoaded:1 Bounds:IsValid=true, Min=(X=0.000 Y=4668.796 Z=-50.000), Max=(X=878.125 Y=5568.796 Z=0.000) RuntimeGrid:None EditorOnly:0 RuntimeOnly:0 HLODRelevant:1 FolderPath:Level/Third/wall FolderGuid:713100E8402D06F72B5F9C819AE9B94B
 |   |   |- [+] [  5]
 |   |   |   |- Guid:91670A6A44B9526ECE642A8B3E902A2D BaseClass: NativeClass:/Script/Engine.StaticMeshActor Name:StaticMeshActor_UAID_08BFB8C0C99E9BB601_1916113657 Label:SM_Cube22 SpatiallyLoaded:1 Bounds:IsValid=true, Min=(X=-200.000 Y=7448.796 Z=500.000), Max=(X=1103.125 Y=8348.796 Z=550.000) RuntimeGrid:None EditorOnly:0 RuntimeOnly:0 HLODRelevant:1 FolderPath:Level/Fifth/wall FolderGuid:8F1B3C8640DEBB597F7F69BC54F96BA2
 |   |   |- [+] [  6]
 |   |   |   |- Guid:49AC54A549395DEA48361ABECB884180 BaseClass: NativeClass:/Script/Engine.ExponentialHeightFog Name:ExponentialHeightFog_0 Label:ExponentialHeightFog SpatiallyLoaded:0 Bounds:IsValid=true, Min=(X=-5600.000 Y=-50.000 Z=-6850.000), Max=(X=-5600.000 Y=-50.000 Z=-6850.000) RuntimeGrid:None EditorOnly:0 RuntimeOnly:0 HLODRelevant:0 FolderPath:Lighting FolderGuid:963EC3EB4002CCE9759E2EBA541A873A
 |   |   |- [+] [  7]
 |   |   |   |- Guid:856B1469483A8F6F3E5382BFE607A116 BaseClass: NativeClass:/Script/Engine.StaticMeshActor Name:StaticMeshActor_UAID_08BFB8C0C99E9BB601_1896489656 Label:SM_Cube21 SpatiallyLoaded:1 Bounds:IsValid=true, Min=(X=300.000 Y=7049.000 Z=500.000), Max=(X=603.125 Y=7452.125 Z=550.000) RuntimeGrid:None EditorOnly:0 RuntimeOnly:0 HLODRelevant:1 FolderPath:Level/Fifth/wall FolderGuid:8F1B3C8640DEBB597F7F69BC54F96BA2
 |   |   |- [+] [  8]
 |   |   |   |- Guid:961630704A4729F8C37242B9DB292E5C BaseClass: NativeClass:/Script/Engine.StaticMeshActor Name:StaticMeshActor_UAID_08BFB8C0C99E9BB601_1724271655 Label:SM_Cube20 SpatiallyLoaded:1 Bounds:IsValid=true, Min=(X=865.000 Y=6148.796 Z=551.000), Max=(X=874.375 Y=7048.796 Z=910.375) RuntimeGrid:None EditorOnly:0 RuntimeOnly:0 HLODRelevant:1 FolderPath:Level/Forth FolderGuid:9B796F1C4DFAE8800667F0A9EB18CD02
 |   |   |- [+] [  9]
 |   |   |   |- Guid:F93A12604D541BCFD18B899C59010CF4 BaseClass: NativeClass:/Script/Engine.PlayerStart Name:PlayerStart_UAID_08BFB8C0C99EF2B701_1599431999 Label:PlayerStart2 SpatiallyLoaded:0 Bounds:IsValid=true, Min=(X=-1617.338 Y=3083.662 Z=0.013), Max=(X=-1524.662 Y=3176.338 Z=184.013) RuntimeGrid:None EditorOnly:0 RuntimeOnly:0 HLODRelevant:0
 |   |   |- [+] [ 10]
 |   |   |   |- Guid:F772881547A16BB15FE06AA6E422C06E BaseClass: NativeClass:/Script/Engine.StaticMeshActor Name:StaticMeshActor_UAID_08BFB8C0C99E9BB601_1635921648 Label:SM_Cube15 SpatiallyLoaded:1 Bounds:IsValid=true, Min=(X=0.000 Y=4659.000 Z=1.000), Max=(X=12.500 Y=5559.000 Z=360.375) RuntimeGrid:None EditorOnly:0 RuntimeOnly:0 HLODRelevant:1 FolderPath:Level/Third/wall FolderGuid:713100E8402D06F72B5F9C819AE9B94B
 |   |   |- [+] [ 11]
 |   |   |   |- Guid:CADF5F9543365942297A478DF33BA598 BaseClass: NativeClass:/Script/Engine.StaticMeshActor Name:StaticMeshActor_UAID_08BFB8C0C99E9BB601_1124165632 Label:SM_Cube6 SpatiallyLoaded:1 Bounds:IsValid=true, Min=(X=0.000 Y=2089.000 Z=1.000), Max=(X=12.500 Y=3007.750 Z=360.375) RuntimeGrid:None EditorOnly:0 RuntimeOnly:0 HLODRelevant:1 FolderPath:Level/First/wall FolderGuid:45938DE4457A18FA357975812C51FBC3
 |   |   |- [+] [ 12]
 |   |   |   |- Guid:26F46E9745459AE770C74E87744D60E2 BaseClass:/Game/ThirdPerson/Blueprints/Nathan/LightCharger.LightCharger_C NativeClass:/Script/Engine.Actor Name:LightCharger_C_UAID_08BFB8C0C99E9CB601_1372208842 Label:LightCharger2 SpatiallyLoaded:1 Bounds:IsValid=true, Min=(X=842.000 Y=9370.000 Z=538.000), Max=(X=1098.000 Y=9626.000 Z=602.000) RuntimeGrid:None EditorOnly:0 RuntimeOnly:0 HLODRelevant:0
 |   |   |- [+] [ 13]
 |   |   |   |- Guid:8BDCC535498544571A72DB8AB082A0BF BaseClass: NativeClass:/Script/Engine.StaticMeshActor Name:StaticMeshActor_UAID_08BFB8C0C99EF2B701_1599437002 Label:SM_Cube31 SpatiallyLoaded:1 Bounds:IsValid=true, Min=(X=-1931.000 Y=2089.000 Z=-50.000), Max=(X=-1052.875 Y=4118.296 Z=0.000) RuntimeGrid:None EditorOnly:0 RuntimeOnly:0 HLODRelevant:1 FolderPath:Level/First/wall FolderGuid:45938DE4457A18FA357975812C51FBC3
 |   |   |- [+] [ 14]
 |   |   |   |- Guid:59F6E2C6481B4F434E5A748909763009 BaseClass: NativeClass:/Script/Engine.SkyLight Name:SkyLight_1 Label:SkyLight SpatiallyLoaded:0 Bounds:IsValid=true, Min=(X=0.000 Y=0.000 Z=690.000), Max=(X=0.000 Y=0.000 Z=690.000) RuntimeGrid:None EditorOnly:0 RuntimeOnly:0 HLODRelevant:0 FolderPath:Lighting FolderGuid:963EC3EB4002CCE9759E2EBA541A873A
 |   |   |- [+] [ 15]
 |   |   |   |- Guid:01E51D934585640F6002B59901826D0C BaseClass: NativeClass:/Script/Engine.StaticMeshActor Name:StaticMeshActor_UAID_08BFB8C0C99EF2B701_1599437000 Label:SM_Cube25 SpatiallyLoaded:1 Bounds:IsValid=true, Min=(X=-1061.000 Y=2089.000 Z=1.000), Max=(X=-984.286 Y=4119.109 Z=360.375) RuntimeGrid:None EditorOnly:0 RuntimeOnly:0 HLODRelevant:1 FolderPath:Level/First/wall FolderGuid:45938DE4457A18FA357975812C51FBC3
 |   |   |- [+] [ 16]
 |   |   |   |- Guid:7199E2BD48BEEB4883EECA86203969E9 BaseClass:/Game/ThirdPerson/Blueprints/Nathan/IceDummy.IceDummy_C NativeClass:/Script/Engine.Actor Name:IceDummy_C_UAID_08BFB8C0C99E9BB601_1580924645 Label:IceDummy2 SpatiallyLoaded:1 Bounds:IsValid=true, Min=(X=-34.000 Y=3596.000 Z=-94.000), Max=(X=254.000 Y=3884.000 Z=194.000) RuntimeGrid:None EditorOnly:0 RuntimeOnly:0 HLODRelevant:0
 |   |   |- [+] [ 17]
 |   |   |   |- Guid:89B8811446E317FFE60C6FB0083326A9 BaseClass: NativeClass:/Script/Engine.StaticMeshActor Name:StaticMeshActor_UAID_08BFB8C0C99E9BB601_1157146634 Label:SM_Cube8 SpatiallyLoaded:1 Bounds:IsValid=true, Min=(X=0.000 Y=2089.000 Z=1.000), Max=(X=871.875 Y=2101.500 Z=197.875) RuntimeGrid:None EditorOnly:0 RuntimeOnly:0 HLODRelevant:1 FolderPath:Level/First/wall FolderGuid:45938DE4457A18FA357975812C51FBC3
 |   |   |- [+] [ 18]
 |   |   |   |- Guid:B929B14B45ADA14F7A534F87EFE82804 BaseClass: NativeClass:/Script/Engine.StaticMeshActor Name:StaticMeshActor_UAID_08BFB8C0C99E9BB601_1724270654 Label:SM_Cube19 SpatiallyLoaded:1 Bounds:IsValid=true, Min=(X=0.000 Y=6139.000 Z=551.000), Max=(X=12.500 Y=7039.000 Z=910.375) RuntimeGrid:None EditorOnly:0 RuntimeOnly:0 HLODRelevant:1 FolderPath:Level/Forth FolderGuid:9B796F1C4DFAE8800667F0A9EB18CD02
 |   |   |- [+] [ 19]
 |   |   |   |- Guid:2E23F3F14924C4B437F8499271AE996F BaseClass: NativeClass:/Script/Engine.StaticMeshActor Name:StaticMeshActor_UAID_08BFB8C0C99E9BB601_1310927641 Label:SM_Cube11 SpatiallyLoaded:1 Bounds:IsValid=true, Min=(X=865.000 Y=3368.796 Z=1.000), Max=(X=874.375 Y=4268.796 Z=360.375) RuntimeGrid:None EditorOnly:0 RuntimeOnly:0 HLODRelevant:1 FolderPath:Level/Second/wall FolderGuid:8ECF8C1545A5767CC21C89A8CA9FB4F9
 |   |   |- [+] [ 20]
 |   |   |   |- Guid:7B1A6C71465A244D81F7259A7D4EFE50 BaseClass: NativeClass:/Script/Engine.StaticMeshActor Name:StaticMeshActor_UAID_08BFB8C0C99E9BB601_1635922649 Label:SM_Cube16 SpatiallyLoaded:1 Bounds:IsValid=true, Min=(X=865.000 Y=4668.796 Z=1.000), Max=(X=874.375 Y=5568.796 Z=360.375) RuntimeGrid:None EditorOnly:0 RuntimeOnly:0 HLODRelevant:1 FolderPath:Level/Third/wall FolderGuid:713100E8402D06F72B5F9C819AE9B94B
 |   |   |- [+] [ 21]
 |   |   |   |- Guid:7F8BE2BA472BC05EB333FFB44A16D161 BaseClass:/Game/ThirdPerson/Blueprints/Nathan/IceDummy.IceDummy_C NativeClass:/Script/Engine.Actor Name:IceDummy_C_UAID_0068EBB84772DAB301_1218583551 Label:IceDummy SpatiallyLoaded:1 Bounds:IsValid=true, Min=(X=646.000 Y=3596.000 Z=-94.000), Max=(X=934.000 Y=3884.000 Z=194.000) RuntimeGrid:None EditorOnly:0 RuntimeOnly:0 HLODRelevant:0
 |   |   |- [+] [ 22]
 |   |   |   |- Guid:591D19364510D8D33DFADEA0C59F1F7E BaseClass: NativeClass:/Script/Engine.StaticMeshActor Name:StaticMeshActor_UAID_08BFB8C0C99E9BB601_2097649662 Label:SM_Cube27 SpatiallyLoaded:1 Bounds:IsValid=true, Min=(X=-200.000 Y=8749.000 Z=551.000), Max=(X=-187.500 Y=9649.000 Z=910.375) RuntimeGrid:None EditorOnly:0 RuntimeOnly:0 HLODRelevant:1 FolderPath:Level/Sixth/wall FolderGuid:CA1B8F4B45C529F586166BBC89E0533B
 |   |   |- [+] [ 23]
 |   |   |   |- Guid:1DD920A24E0A382947F7E297D74BD930 BaseClass: NativeClass:/Script/Engine.StaticMeshActor Name:StaticMeshActor_UAID_08BFB8C0C99EF2B701_1599437001 Label:SM_Cube30 SpatiallyLoaded:1 Bounds:IsValid=true, Min=(X=-2001.000 Y=2089.000 Z=1.000), Max=(X=-1925.049 Y=4119.109 Z=360.375) RuntimeGrid:None EditorOnly:0 RuntimeOnly:0 HLODRelevant:1 FolderPath:Level/First/wall FolderGuid:45938DE4457A18FA357975812C51FBC3
 |   |   |- [+] [ 24]
 |   |   |   |- Guid:8E859F5144DB21E68D02FC93A351AFC8 BaseClass:/Game/ThirdPerson/Blueprints/Nathan/LightCharger.LightCharger_C NativeClass:/Script/Engine.Actor Name:LightCharger_C_UAID_D8CB8A6ED47244B301_1219026151 Label:LightCharger SpatiallyLoaded:1 Bounds:IsValid=true, Min=(X=592.000 Y=6530.000 Z=538.000), Max=(X=848.000 Y=6786.000 Z=602.000) RuntimeGrid:None EditorOnly:0 RuntimeOnly:0 HLODRelevant:0
 |   |   |- [+] [ 25]
 |   |   |   |- Guid:6ED2EC0140CD847F69AABF85012E8433 BaseClass: NativeClass:/Script/Engine.WorldDataLayers Name:WorldDataLayers Label:WorldDataLayers SpatiallyLoaded:0 Bounds:IsValid=true, Min=(X=0.000 Y=0.000 Z=0.000), Max=(X=0.000 Y=0.000 Z=0.000) RuntimeGrid:None EditorOnly:0 RuntimeOnly:0 HLODRelevant:0
 |   |   |- [+] [ 26]
 |   |   |   |- Guid:08ADB2434466B2ED28F590890F8BE462 BaseClass: NativeClass:/Script/Engine.StaticMeshActor Name:StaticMeshActor_UAID_08BFB8C0C99E9CB601_1268769841 Label:SM_Cube29 SpatiallyLoaded:1 Bounds:IsValid=true, Min=(X=-200.000 Y=9629.000 Z=551.000), Max=(X=1112.500 Y=9647.750 Z=910.375) RuntimeGrid:None EditorOnly:0 RuntimeOnly:0 HLODRelevant:1 FolderPath:Level/Sixth/wall FolderGuid:CA1B8F4B45C529F586166BBC89E0533B
 |   |   |- [+] [ 27]
 |   |   |   |- Guid:E3CACB644B0781E007A7E29AB1E6F412 BaseClass: NativeClass:/Script/Engine.StaticMeshActor Name:StaticMeshActor_UAID_08BFB8C0C99E9BB601_2097650663 Label:SM_Cube28 SpatiallyLoaded:1 Bounds:IsValid=true, Min=(X=1100.000 Y=8749.000 Z=551.000), Max=(X=1112.500 Y=9649.000 Z=910.375) RuntimeGrid:None EditorOnly:0 RuntimeOnly:0 HLODRelevant:1 FolderPath:Level/Sixth/wall FolderGuid:CA1B8F4B45C529F586166BBC89E0533B
 |   |   |- [+] [ 28]
 |   |   |   |- Guid:9738F6DB48DA7A8E007DD48FA48BE9DE BaseClass: NativeClass:/Script/Engine.StaticMeshActor Name:StaticMeshActor_UAID_08BFB8C0C99E9BB601_1152111633 Label:SM_Cube7 SpatiallyLoaded:1 Bounds:IsValid=true, Min=(X=865.000 Y=2089.000 Z=1.000), Max=(X=874.375 Y=3007.750 Z=360.375) RuntimeGrid:None EditorOnly:0 RuntimeOnly:0 HLODRelevant:1 FolderPath:Level/First/wall FolderGuid:45938DE4457A18FA357975812C51FBC3
 |   |   |- [+] [ 29]
 |   |   |   |- Guid:01F8D3844B808BFD36B7A790BBAE50CE BaseClass:/Game/ThirdPerson/Blueprints/Nathan/Breakdoor.Breakdoor_C NativeClass:/Script/Engine.Actor Name:Breakdoor_C_UAID_0068EBB84772DEB301_1745939256 Label:Breakdoor SpatiallyLoaded:1 Bounds:IsValid=true, Min=(X=49.500 Y=4326.000 Z=-54.000), Max=(X=850.500 Y=4614.000 Z=234.000) RuntimeGrid:None EditorOnly:0 RuntimeOnly:0 HLODRelevant:0
 |   |   |- [+] [ 30]
 |   |   |   |- Guid:374530124AA08094E43A7885D728508B BaseClass: NativeClass:/Script/Engine.StaticMeshActor Name:StaticMeshActor_UAID_08BFB8C0C99E9BB601_1380313643 Label:SM_Cube12 SpatiallyLoaded:1 Bounds:IsValid=true, Min=(X=300.000 Y=3009.000 Z=-50.000), Max=(X=603.125 Y=3371.500 Z=0.000) RuntimeGrid:None EditorOnly:0 RuntimeOnly:0 HLODRelevant:1 FolderPath:Level/Second/wall FolderGuid:8ECF8C1545A5767CC21C89A8CA9FB4F9
 |   |   |- [+] [ 31]
 |   |   |   |- Guid:AC8CC16940C190BC25027B9D26ECCBFC BaseClass: NativeClass:/Script/Engine.StaticMeshActor Name:StaticMeshActor_UAID_08BFB8C0C99E9BB601_1075004631 Label:SM_Cube5 SpatiallyLoaded:1 Bounds:IsValid=true, Min=(X=0.000 Y=2089.000 Z=-50.000), Max=(X=878.125 Y=3007.750 Z=0.000) RuntimeGrid:None EditorOnly:0 RuntimeOnly:0 HLODRelevant:1 FolderPath:Level/First/wall FolderGuid:45938DE4457A18FA357975812C51FBC3
 |   |   |- [+] [ 32]
 |   |   |   |- Guid:AA76C2EE4493A889091553A6BF90BF85 BaseClass:/Game/ThirdPerson/Blueprints/Nathan/WarterTest.WarterTest_C NativeClass:/Script/Engine.Actor Name:WarterTest_C_UAID_0068EBB84772DCB301_1595283903 Label:WarterTest SpatiallyLoaded:1 Bounds:IsValid=true, Min=(X=0.625 Y=4837.500 Z=-74.000), Max=(X=879.375 Y=5362.500 Z=54.000) RuntimeGrid:None EditorOnly:0 RuntimeOnly:0 HLODRelevant:0
 |   |   |- [+] [ 33]
 |   |   |   |- Guid:C34C17EC4C3E7A0D15B32CA4187CC3D7 BaseClass:/Game/ThirdPerson/Blueprints/Nathan/IceDummy.IceDummy_C NativeClass:/Script/Engine.Actor Name:IceDummy_C_UAID_08BFB8C0C99E9BB601_1589704646 Label:IceDummy3 SpatiallyLoaded:1 Bounds:IsValid=true, Min=(X=-183.500 Y=3096.500 Z=-423.500), Max=(X=1103.500 Y=4383.500 Z=863.500) RuntimeGrid:None EditorOnly:0 RuntimeOnly:0 HLODRelevant:0
 |   |   |- [+] [ 34]
 |   |   |   |- Guid:07996F64490E8F53A67512B74E57DC19 BaseClass: NativeClass:/Script/Engine.StaticMeshActor Name:StaticMeshActor_UAID_08BFB8C0C99E9BB601_1946159659 Label:SM_Cube24 SpatiallyLoaded:1 Bounds:IsValid=true, Min=(X=1100.000 Y=7449.000 Z=551.000), Max=(X=1112.500 Y=8349.000 Z=910.375) RuntimeGrid:None EditorOnly:0 RuntimeOnly:0 HLODRelevant:1 FolderPath:Level/Fifth/wall FolderGuid:8F1B3C8640DEBB597F7F69BC54F96BA2
 |   |   |- [+] [ 35]
 |   |   |   |- Guid:487E452C41AF3428D57038A72034EF59 BaseClass: NativeClass:/Script/Engine.StaticMeshActor Name:StaticMeshActor_UAID_08BFB8C0C99E9BB601_1310927640 Label:SM_Cube10 SpatiallyLoaded:1 Bounds:IsValid=true, Min=(X=0.000 Y=3359.000 Z=1.000), Max=(X=12.500 Y=4259.000 Z=360.375) RuntimeGrid:None EditorOnly:0 RuntimeOnly:0 HLODRelevant:1 FolderPath:Level/Second/wall FolderGuid:8ECF8C1545A5767CC21C89A8CA9FB4F9
 |   |   |- [+] [ 36]
 |   |   |   |- Guid:799936224479AF60966AD19CBB4A696F BaseClass: NativeClass:/Script/Engine.VolumetricCloud Name:VolumetricCloud_0 Label:VolumetricCloud SpatiallyLoaded:0 Bounds:IsValid=true, Min=(X=0.000 Y=0.000 Z=820.000), Max=(X=0.000 Y=0.000 Z=820.000) RuntimeGrid:None EditorOnly:0 RuntimeOnly:0 HLODRelevant:0 FolderPath:Lighting FolderGuid:963EC3EB4002CCE9759E2EBA541A873A
 |   |   |- [+] [ 37]
 |   |   |   |- Guid:FAED75A84B0CEA5BCF892DAC27390218 BaseClass: NativeClass:/Script/Engine.StaticMeshActor Name:StaticMeshActor_UAID_08BFB8C0C99E9BB601_1671361652 Label:SM_Cube17 SpatiallyLoaded:1 Bounds:IsValid=true, Min=(X=300.000 Y=5569.000 Z=-50.000), Max=(X=603.125 Y=5972.125 Z=0.000) RuntimeGrid:None EditorOnly:0 RuntimeOnly:0 HLODRelevant:1 FolderPath:Level/Forth FolderGuid:9B796F1C4DFAE8800667F0A9EB18CD02
 |   |   |- [+] [ 38]
 |   |   |   |- Guid:6FB356E24DAF3546EA9CA5BC384E63DC BaseClass: NativeClass:/Script/Engine.DirectionalLight Name:DirectionalLight_0 Label:DirectionalLight SpatiallyLoaded:0 Bounds:IsValid=true, Min=(X=-4398046511104.000 Y=-4398046511104.000 Z=-4398046511104.000), Max=(X=4398046511104.000 Y=4398046511104.000 Z=4398046511104.000) RuntimeGrid:None EditorOnly:0 RuntimeOnly:0 HLODRelevant:0 FolderPath:Lighting FolderGuid:963EC3EB4002CCE9759E2EBA541A873A
 |   |   |- [+] [ 39]
 |   |   |   |- Guid:B3F6A72E4E49AB99AA0772AA477E9D01 BaseClass: NativeClass:/Script/Engine.StaticMeshActor Name:StaticMeshActor_UAID_08BFB8C0C99E9BB601_1724269653 Label:SM_Cube18 SpatiallyLoaded:1 Bounds:IsValid=true, Min=(X=0.000 Y=6148.796 Z=500.000), Max=(X=878.125 Y=7048.796 Z=550.000) RuntimeGrid:None EditorOnly:0 RuntimeOnly:0 HLODRelevant:1 FolderPath:Level/Forth FolderGuid:9B796F1C4DFAE8800667F0A9EB18CD02
 |   |   |- [+] [ 40]
 |   |   |   |- Guid:93BBB2E74F66C581F3D238A3C18215C2 BaseClass: NativeClass:/Script/Engine.StaticMeshActor Name:StaticMeshActor_UAID_08BFB8C0C99E9BB601_1310926639 Label:SM_Cube9 SpatiallyLoaded:1 Bounds:IsValid=true, Min=(X=0.000 Y=3368.796 Z=-50.000), Max=(X=878.125 Y=4268.796 Z=0.000) RuntimeGrid:None EditorOnly:0 RuntimeOnly:0 HLODRelevant:1 FolderPath:Level/Second/wall FolderGuid:8ECF8C1545A5767CC21C89A8CA9FB4F9
 |   |   |- [+] [ 41]
 |   |   |   |- Guid:9955EA2D4DD55C8B7A071A9605ACABF0 BaseClass: NativeClass:/Script/Engine.StaticMeshActor Name:StaticMeshActor_UAID_08BFB8C0C99E9BB601_2097648661 Label:SM_Cube26 SpatiallyLoaded:1 Bounds:IsValid=true, Min=(X=-200.000 Y=8748.796 Z=500.000), Max=(X=1103.125 Y=9648.796 Z=550.000) RuntimeGrid:None EditorOnly:0 RuntimeOnly:0 HLODRelevant:1 FolderPath:Level/Sixth/wall FolderGuid:CA1B8F4B45C529F586166BBC89E0533B
 |   |   |- [+] [ 42]
 |   |   |   |- Guid:F15A4ADB4B91C3B6CCBCA78227C7E7ED BaseClass: NativeClass:/Script/Engine.SkyAtmosphere Name:SkyAtmosphere_0 Label:SkyAtmosphere SpatiallyLoaded:0 Bounds:IsValid=true, Min=(X=0.000 Y=0.000 Z=1020.000), Max=(X=0.000 Y=0.000 Z=1020.000) RuntimeGrid:None EditorOnly:0 RuntimeOnly:0 HLODRelevant:0 FolderPath:Lighting FolderGuid:963EC3EB4002CCE9759E2EBA541A873A
 |   |   |- [+] [ 43]
 |   |   |   |- Guid:825E3E1B4F97495B2186A989EAD8C72A BaseClass: NativeClass:/Script/Engine.StaticMeshActor Name:StaticMeshActor_UAID_08BFB8C0C99E9BB601_1502781644 Label:SM_Cube13 SpatiallyLoaded:1 Bounds:IsValid=true, Min=(X=300.000 Y=4269.000 Z=-50.000), Max=(X=603.125 Y=4672.125 Z=0.000) RuntimeGrid:None EditorOnly:0 RuntimeOnly:0 HLODRelevant:1 FolderPath:Level/Third/wall FolderGuid:713100E8402D06F72B5F9C819AE9B94B
 |   |   |- [+] [ 44]
 |   |   |   |- Guid:D3743F97457FC83A96EB17B636AAE601 BaseClass: NativeClass:/Script/Engine.StaticMeshActor Name:StaticMeshActor_UAID_08BFB8C0C99EF3B701_1103112175 Label:SM_Cube33 SpatiallyLoaded:1 Bounds:IsValid=true, Min=(X=-1931.000 Y=2089.000 Z=335.000), Max=(X=-1052.875 Y=4118.296 Z=385.000) RuntimeGrid:None EditorOnly:0 RuntimeOnly:0 HLODRelevant:1 FolderPath:Level/First/wall FolderGuid:45938DE4457A18FA357975812C51FBC3
 |- ContainerInstances:
 |- [+] MainContainer:
 |   |-        ID: 0x0000000000000000
 |   |-    Bounds: IsValid=false, Min=(X=0.000 Y=0.000 Z=0.000), Max=(X=0.000 Y=0.000 Z=0.000)
 |   |- Transform: 0.000000,0.000000,0.000000|0.000000,0.000000,-0.000000|1.000000,1.000000,1.000000
 |   |- Container: /Game/Level/kak/Kakmap
----------------------------------------------------------------------------------------------------------------
Kakmap - Persistent Level
----------------------------------------------------------------------------------------------------------------
Always loaded Actor Count: 53 

----------------------------------------------------------------------------------------------------------------
Kakmap - Runtime Spatial Hash - Streaming Grid - MainGrid
----------------------------------------------------------------------------------------------------------------
            Origin: X=0.000 Y=0.000 Z=0.000
         Cell Size: 12800
      World Bounds: IsValid=false, Min=(X=0.000 Y=0.000 Z=0.000), Max=(X=0.000 Y=0.000 Z=0.000)
     Loading Range: 25600.00
Block Slow Loading: No
 ClientOnlyVisible: No

[+] Grid Levels: 1
 |- Level  0: Cell Count    0 | Cell Size   12800 | Actor Count    0 (0.0%)

[+] Content of Grid Level 0

