[+] Containers:
 |- [+] Container: /Game/Level/Kakmap
 |   |- [+] ActorDescs:
 |   |   |- Guid:01F8D3844B808BFD36B7A790BBAE50CE BaseClass:/Game/ThirdPerson/Blueprints/Nathan/Breakdoor.Breakdoor_C NativeClass:/Script/Engine.Actor Name:Breakdoor_C_UAID_0068EBB84772DEB301_1745939256 Label:Breakdoor SpatiallyLoaded:1 Bounds:IsValid=true, Min=(X=1676.000 Y=676.000 Z=-54.000), Max=(X=1964.000 Y=964.000 Z=234.000) RuntimeGrid:None EditorOnly:0 RuntimeOnly:0 HLODRelevant:0
 |   |   |- Guid:077B64994486942D0928CE9447A63648 BaseClass: NativeClass:/Script/Engine.PostProcessVolume Name:PostProcessVolume_0 Label:PostProcessVolume SpatiallyLoaded:0 Bounds:IsValid=true, Min=(X=0.000 Y=0.000 Z=400.000), Max=(X=200.000 Y=200.000 Z=600.000) RuntimeGrid:None EditorOnly:0 RuntimeOnly:0 HLODRelevant:0 FolderPath:Lighting FolderGuid:963EC3EB4002CCE9759E2EBA541A873A
 |   |   |- Guid:0A5672244D113FC5E3078BBCE7061095 BaseClass: NativeClass:/Script/Engine.StaticMeshActor Name:StaticMeshActor_5 Label:SM_Cube2 SpatiallyLoaded:1 Bounds:IsValid=true, Min=(X=0.000 Y=0.000 Z=0.000), Max=(X=5650.000 Y=100.000 Z=400.000) RuntimeGrid:None EditorOnly:0 RuntimeOnly:0 HLODRelevant:1 FolderPath:Playground FolderGuid:C73F09FC4215536B1DCE2A9E0A830C70
 |   |   |- Guid:3B7B622D497AD2E1E0B4E78E09352214 BaseClass: NativeClass:/Script/Engine.TextRenderActor Name:TextRenderActor_UAID_C8D9D20520E569B401_1837145731 Label:TextRenderActor5 SpatiallyLoaded:1 Bounds:IsValid=true, Min=(X=2020.000 Y=220.000 Z=550.000), Max=(X=2020.000 Y=1025.000 Z=595.500) RuntimeGrid:None EditorOnly:0 RuntimeOnly:0 HLODRelevant:0
 |   |   |- Guid:4634141B4B26CA8DF241478B0208274F BaseClass:/Game/ThirdPerson/Blueprints/Nathan/AirLift.AirLift_C NativeClass:/Script/Engine.Actor Name:AirLift_C_UAID_0068EBB84772E2B301_1986006961 Label:AirLift SpatiallyLoaded:1 Bounds:IsValid=true, Min=(X=1764.000 Y=994.000 Z=-136.000), Max=(X=2036.000 Y=1266.000 Z=136.000) RuntimeGrid:None EditorOnly:0 RuntimeOnly:0 HLODRelevant:0
 |   |   |- Guid:49AC54A549395DEA48361ABECB884180 BaseClass: NativeClass:/Script/Engine.ExponentialHeightFog Name:ExponentialHeightFog_0 Label:ExponentialHeightFog SpatiallyLoaded:0 Bounds:IsValid=true, Min=(X=-5600.000 Y=-50.000 Z=-6850.000), Max=(X=-5600.000 Y=-50.000 Z=-6850.000) RuntimeGrid:None EditorOnly:0 RuntimeOnly:0 HLODRelevant:0 FolderPath:Lighting FolderGuid:963EC3EB4002CCE9759E2EBA541A873A
 |   |   |- Guid:59F6E2C6481B4F434E5A748909763009 BaseClass: NativeClass:/Script/Engine.SkyLight Name:SkyLight_1 Label:SkyLight SpatiallyLoaded:0 Bounds:IsValid=true, Min=(X=0.000 Y=0.000 Z=690.000), Max=(X=0.000 Y=0.000 Z=690.000) RuntimeGrid:None EditorOnly:0 RuntimeOnly:0 HLODRelevant:0 FolderPath:Lighting FolderGuid:963EC3EB4002CCE9759E2EBA541A873A
 |   |   |- Guid:655B68204B00B61755CE09B0EE985360 BaseClass: NativeClass:/Script/Engine.TextRenderActor Name:TextRenderActor_UAID_C8D9D20520E569B401_1932277733 Label:TextRenderActor7 SpatiallyLoaded:1 Bounds:IsValid=true, Min=(X=2020.000 Y=160.000 Z=450.000), Max=(X=2020.000 Y=1540.750 Z=495.500) RuntimeGrid:None EditorOnly:0 RuntimeOnly:0 HLODRelevant:0
 |   |   |- Guid:6ED2EC0140CD847F69AABF85012E8433 BaseClass: NativeClass:/Script/Engine.WorldDataLayers Name:WorldDataLayers Label:WorldDataLayers SpatiallyLoaded:0 Bounds:IsValid=true, Min=(X=0.000 Y=0.000 Z=0.000), Max=(X=0.000 Y=0.000 Z=0.000) RuntimeGrid:None EditorOnly:0 RuntimeOnly:0 HLODRelevant:0
 |   |   |- Guid:6FB356E24DAF3546EA9CA5BC384E63DC BaseClass: NativeClass:/Script/Engine.DirectionalLight Name:DirectionalLight_0 Label:DirectionalLight SpatiallyLoaded:0 Bounds:IsValid=true, Min=(X=-4398046511104.000 Y=-4398046511104.000 Z=-4398046511104.000), Max=(X=4398046511104.000 Y=4398046511104.000 Z=4398046511104.000) RuntimeGrid:None EditorOnly:0 RuntimeOnly:0 HLODRelevant:0 FolderPath:Lighting FolderGuid:963EC3EB4002CCE9759E2EBA541A873A
 |   |   |- Guid:799936224479AF60966AD19CBB4A696F BaseClass: NativeClass:/Script/Engine.VolumetricCloud Name:VolumetricCloud_0 Label:VolumetricCloud SpatiallyLoaded:0 Bounds:IsValid=true, Min=(X=0.000 Y=0.000 Z=820.000), Max=(X=0.000 Y=0.000 Z=820.000) RuntimeGrid:None EditorOnly:0 RuntimeOnly:0 HLODRelevant:0 FolderPath:Lighting FolderGuid:963EC3EB4002CCE9759E2EBA541A873A
 |   |   |- Guid:7B7182784F7E5134B717C99F07463EFC BaseClass: NativeClass:/Script/Engine.PlayerStart Name:PlayerStart_0 Label:PlayerStart SpatiallyLoaded:0 Bounds:IsValid=true, Min=(X=313.662 Y=2523.662 Z=0.013), Max=(X=406.338 Y=2616.338 Z=184.013) RuntimeGrid:None EditorOnly:0 RuntimeOnly:0 HLODRelevant:0
 |   |   |- Guid:7F8BE2BA472BC05EB333FFB44A16D161 BaseClass:/Game/ThirdPerson/Blueprints/Nathan/IceDummy.IceDummy_C NativeClass:/Script/Engine.Actor Name:IceDummy_C_UAID_0068EBB84772DAB301_1218583551 Label:IceDummy SpatiallyLoaded:1 Bounds:IsValid=true, Min=(X=1706.000 Y=76.000 Z=-94.000), Max=(X=1994.000 Y=364.000 Z=194.000) RuntimeGrid:None EditorOnly:0 RuntimeOnly:0 HLODRelevant:0
 |   |   |- Guid:8507DA234A7AFB18E7858CA9BA23D08F BaseClass: NativeClass:/Script/Engine.StaticMeshActor Name:StaticMeshActor_1 Label:SM_Cube SpatiallyLoaded:1 Bounds:IsValid=true, Min=(X=0.000 Y=0.000 Z=-50.000), Max=(X=5575.000 Y=1537.500 Z=0.000) RuntimeGrid:None EditorOnly:0 RuntimeOnly:0 HLODRelevant:1 FolderPath:Playground FolderGuid:C73F09FC4215536B1DCE2A9E0A830C70
 |   |   |- Guid:89B8811446E317FFE60C6FB0083326A9 BaseClass: NativeClass:/Script/Engine.StaticMeshActor Name:StaticMeshActor_UAID_08BFB8C0C99E9BB601_1157146634 Label:SM_Cube8 SpatiallyLoaded:1 Bounds:IsValid=true, Min=(X=0.000 Y=2089.000 Z=1.000), Max=(X=871.875 Y=2101.500 Z=360.375) RuntimeGrid:None EditorOnly:0 RuntimeOnly:0 HLODRelevant:1 FolderPath:First/wall FolderGuid:45938DE4457A18FA357975812C51FBC3
 |   |   |- Guid:8E859F5144DB21E68D02FC93A351AFC8 BaseClass:/Game/ThirdPerson/Blueprints/Nathan/LightCharger.LightCharger_C NativeClass:/Script/Engine.Actor Name:LightCharger_C_UAID_D8CB8A6ED47244B301_1219026151 Label:LightCharger SpatiallyLoaded:1 Bounds:IsValid=true, Min=(X=122.000 Y=390.000 Z=18.000), Max=(X=378.000 Y=646.000 Z=82.000) RuntimeGrid:None EditorOnly:0 RuntimeOnly:0 HLODRelevant:0
 |   |   |- Guid:9621FE05412E5005FF9DCBB0648F2C46 BaseClass:/Game/ThirdPerson/Blueprints/Nathan/IceDummy_2.IceDummy_2_C NativeClass:/Script/Engine.Actor Name:IceDummy_2_C_UAID_0068EBB8477239B401_1161703276 Label:IceDummy_2 SpatiallyLoaded:1 Bounds:IsValid=true, Min=(X=2852.500 Y=2298.000 Z=614.000), Max=(X=4127.500 Y=2662.000 Z=726.000) RuntimeGrid:None EditorOnly:0 RuntimeOnly:0 HLODRelevant:0
 |   |   |- Guid:9738F6DB48DA7A8E007DD48FA48BE9DE BaseClass: NativeClass:/Script/Engine.StaticMeshActor Name:StaticMeshActor_UAID_08BFB8C0C99E9BB601_1152111633 Label:SM_Cube7 SpatiallyLoaded:1 Bounds:IsValid=true, Min=(X=865.000 Y=2089.000 Z=1.000), Max=(X=874.375 Y=3007.750 Z=360.375) RuntimeGrid:None EditorOnly:0 RuntimeOnly:0 HLODRelevant:1 FolderPath:First/wall FolderGuid:45938DE4457A18FA357975812C51FBC3
 |   |   |- Guid:989BE3A24A56C3FBFDD810A061B2C0E6 BaseClass: NativeClass:/Script/Engine.TextRenderActor Name:TextRenderActor_UAID_C8D9D20520E569B401_1974335734 Label:TextRenderActor8 SpatiallyLoaded:1 Bounds:IsValid=true, Min=(X=2020.000 Y=160.000 Z=320.000), Max=(X=2020.000 Y=1189.000 Z=365.500) RuntimeGrid:None EditorOnly:0 RuntimeOnly:0 HLODRelevant:0
 |   |   |- Guid:9B3A043E4FB74A2B0D9AC4987DB0A54C BaseClass: NativeClass:/Script/Engine.TextRenderActor Name:TextRenderActor_UAID_C8D9D20520E568B401_1945567548 Label:TextRenderActor2 SpatiallyLoaded:1 Bounds:IsValid=true, Min=(X=1670.000 Y=590.000 Z=600.000), Max=(X=1670.000 Y=871.750 Z=645.500) RuntimeGrid:None EditorOnly:0 RuntimeOnly:0 HLODRelevant:0
 |   |   |- Guid:AA76C2EE4493A889091553A6BF90BF85 BaseClass:/Game/ThirdPerson/Blueprints/Nathan/WarterTest.WarterTest_C NativeClass:/Script/Engine.Actor Name:WarterTest_C_UAID_0068EBB84772DCB301_1595283903 Label:WarterTest SpatiallyLoaded:1 Bounds:IsValid=true, Min=(X=1600.000 Y=418.000 Z=-14.000), Max=(X=2360.000 Y=642.000 Z=114.000) RuntimeGrid:None EditorOnly:0 RuntimeOnly:0 HLODRelevant:0
 |   |   |- Guid:AC8CC16940C190BC25027B9D26ECCBFC BaseClass: NativeClass:/Script/Engine.StaticMeshActor Name:StaticMeshActor_UAID_08BFB8C0C99E9BB601_1075004631 Label:SM_Cube5 SpatiallyLoaded:1 Bounds:IsValid=true, Min=(X=0.000 Y=2089.000 Z=-50.000), Max=(X=1415.625 Y=3007.750 Z=0.000) RuntimeGrid:None EditorOnly:0 RuntimeOnly:0 HLODRelevant:1 FolderPath:First/wall FolderGuid:45938DE4457A18FA357975812C51FBC3
 |   |   |- Guid:C3115CEF4BE510EFD590D8877073BF80 BaseClass: NativeClass:/Script/Engine.StaticMeshActor Name:StaticMeshActor_UAID_0068EBB8477238B401_1680369098 Label:SM_Cube4 SpatiallyLoaded:1 Bounds:IsValid=true, Min=(X=1230.000 Y=1340.000 Z=0.000), Max=(X=5555.000 Y=1440.000 Z=400.000) RuntimeGrid:None EditorOnly:0 RuntimeOnly:0 HLODRelevant:1 FolderPath:Playground FolderGuid:C73F09FC4215536B1DCE2A9E0A830C70
 |   |   |- Guid:CADF5F9543365942297A478DF33BA598 BaseClass: NativeClass:/Script/Engine.StaticMeshActor Name:StaticMeshActor_UAID_08BFB8C0C99E9BB601_1124165632 Label:SM_Cube6 SpatiallyLoaded:1 Bounds:IsValid=true, Min=(X=0.000 Y=2089.000 Z=1.000), Max=(X=12.500 Y=3007.750 Z=360.375) RuntimeGrid:None EditorOnly:0 RuntimeOnly:0 HLODRelevant:1 FolderPath:First/wall FolderGuid:45938DE4457A18FA357975812C51FBC3
 |   |   |- Guid:CB94AEEE40F5DE73F5151589AA701ABB BaseClass: NativeClass:/Script/Engine.TextRenderActor Name:TextRenderActor_UAID_C8D9D20520E569B401_1891426732 Label:TextRenderActor6 SpatiallyLoaded:1 Bounds:IsValid=true, Min=(X=2020.000 Y=220.000 Z=490.000), Max=(X=2020.000 Y=918.250 Z=535.500) RuntimeGrid:None EditorOnly:0 RuntimeOnly:0 HLODRelevant:0
 |   |   |- Guid:D73FB6674C16DD0C7B18A5B6C7CB586E BaseClass: NativeClass:/Script/Engine.TextRenderActor Name:TextRenderActor_1 Label:TextRenderActor SpatiallyLoaded:1 Bounds:IsValid=true, Min=(X=-0.100 Y=-832.000 Z=65.013), Max=(X=-0.100 Y=460.308 Z=215.013) RuntimeGrid:None EditorOnly:0 RuntimeOnly:0 HLODRelevant:0
 |   |   |- Guid:E73A372044B82BD3F5C8379134B03582 BaseClass: NativeClass:/Script/Engine.TextRenderActor Name:TextRenderActor_UAID_C8D9D20520E568B401_1992747550 Label:TextRenderActor4 SpatiallyLoaded:1 Bounds:IsValid=true, Min=(X=120.000 Y=218.500 Z=250.000), Max=(X=120.000 Y=628.000 Z=295.500) RuntimeGrid:None EditorOnly:0 RuntimeOnly:0 HLODRelevant:0
 |   |   |- Guid:F15A4ADB4B91C3B6CCBCA78227C7E7ED BaseClass: NativeClass:/Script/Engine.SkyAtmosphere Name:SkyAtmosphere_0 Label:SkyAtmosphere SpatiallyLoaded:0 Bounds:IsValid=true, Min=(X=0.000 Y=0.000 Z=1020.000), Max=(X=0.000 Y=0.000 Z=1020.000) RuntimeGrid:None EditorOnly:0 RuntimeOnly:0 HLODRelevant:0 FolderPath:Lighting FolderGuid:963EC3EB4002CCE9759E2EBA541A873A
 |   |   |- Guid:FBDD76524E97AEFBF273FB95C196DDD7 BaseClass:/Game/ThirdPerson/Blueprints/Nathan/NathanProjectiles/Projectile.Projectile_C NativeClass:/Script/Engine.Actor Name:Projectile_C_UAID_C8D9D20520E566B401_2111655192 Label:Projectile SpatiallyLoaded:1 Bounds:IsValid=true, Min=(X=1176.000 Y=596.000 Z=426.000), Max=(X=1204.000 Y=624.000 Z=454.000) RuntimeGrid:None EditorOnly:0 RuntimeOnly:0 HLODRelevant:0
 |   |- [+] Clusters:
 |   |   |- [+] [  0]
 |   |   |   |- Guid:6ED2EC0140CD847F69AABF85012E8433 BaseClass: NativeClass:/Script/Engine.WorldDataLayers Name:WorldDataLayers Label:WorldDataLayers SpatiallyLoaded:0 Bounds:IsValid=true, Min=(X=0.000 Y=0.000 Z=0.000), Max=(X=0.000 Y=0.000 Z=0.000) RuntimeGrid:None EditorOnly:0 RuntimeOnly:0 HLODRelevant:0
 |   |   |- [+] [  1]
 |   |   |   |- Guid:989BE3A24A56C3FBFDD810A061B2C0E6 BaseClass: NativeClass:/Script/Engine.TextRenderActor Name:TextRenderActor_UAID_C8D9D20520E569B401_1974335734 Label:TextRenderActor8 SpatiallyLoaded:1 Bounds:IsValid=true, Min=(X=2020.000 Y=160.000 Z=320.000), Max=(X=2020.000 Y=1189.000 Z=365.500) RuntimeGrid:None EditorOnly:0 RuntimeOnly:0 HLODRelevant:0
 |   |   |- [+] [  2]
 |   |   |   |- Guid:7B7182784F7E5134B717C99F07463EFC BaseClass: NativeClass:/Script/Engine.PlayerStart Name:PlayerStart_0 Label:PlayerStart SpatiallyLoaded:0 Bounds:IsValid=true, Min=(X=313.662 Y=2523.662 Z=0.013), Max=(X=406.338 Y=2616.338 Z=184.013) RuntimeGrid:None EditorOnly:0 RuntimeOnly:0 HLODRelevant:0
 |   |   |- [+] [  3]
 |   |   |   |- Guid:799936224479AF60966AD19CBB4A696F BaseClass: NativeClass:/Script/Engine.VolumetricCloud Name:VolumetricCloud_0 Label:VolumetricCloud SpatiallyLoaded:0 Bounds:IsValid=true, Min=(X=0.000 Y=0.000 Z=820.000), Max=(X=0.000 Y=0.000 Z=820.000) RuntimeGrid:None EditorOnly:0 RuntimeOnly:0 HLODRelevant:0 FolderPath:Lighting FolderGuid:963EC3EB4002CCE9759E2EBA541A873A
 |   |   |- [+] [  4]
 |   |   |   |- Guid:59F6E2C6481B4F434E5A748909763009 BaseClass: NativeClass:/Script/Engine.SkyLight Name:SkyLight_1 Label:SkyLight SpatiallyLoaded:0 Bounds:IsValid=true, Min=(X=0.000 Y=0.000 Z=690.000), Max=(X=0.000 Y=0.000 Z=690.000) RuntimeGrid:None EditorOnly:0 RuntimeOnly:0 HLODRelevant:0 FolderPath:Lighting FolderGuid:963EC3EB4002CCE9759E2EBA541A873A
 |   |   |- [+] [  5]
 |   |   |   |- Guid:7F8BE2BA472BC05EB333FFB44A16D161 BaseClass:/Game/ThirdPerson/Blueprints/Nathan/IceDummy.IceDummy_C NativeClass:/Script/Engine.Actor Name:IceDummy_C_UAID_0068EBB84772DAB301_1218583551 Label:IceDummy SpatiallyLoaded:1 Bounds:IsValid=true, Min=(X=1706.000 Y=76.000 Z=-94.000), Max=(X=1994.000 Y=364.000 Z=194.000) RuntimeGrid:None EditorOnly:0 RuntimeOnly:0 HLODRelevant:0
 |   |   |- [+] [  6]
 |   |   |   |- Guid:9621FE05412E5005FF9DCBB0648F2C46 BaseClass:/Game/ThirdPerson/Blueprints/Nathan/IceDummy_2.IceDummy_2_C NativeClass:/Script/Engine.Actor Name:IceDummy_2_C_UAID_0068EBB8477239B401_1161703276 Label:IceDummy_2 SpatiallyLoaded:1 Bounds:IsValid=true, Min=(X=2852.500 Y=2298.000 Z=614.000), Max=(X=4127.500 Y=2662.000 Z=726.000) RuntimeGrid:None EditorOnly:0 RuntimeOnly:0 HLODRelevant:0
 |   |   |- [+] [  7]
 |   |   |   |- Guid:F15A4ADB4B91C3B6CCBCA78227C7E7ED BaseClass: NativeClass:/Script/Engine.SkyAtmosphere Name:SkyAtmosphere_0 Label:SkyAtmosphere SpatiallyLoaded:0 Bounds:IsValid=true, Min=(X=0.000 Y=0.000 Z=1020.000), Max=(X=0.000 Y=0.000 Z=1020.000) RuntimeGrid:None EditorOnly:0 RuntimeOnly:0 HLODRelevant:0 FolderPath:Lighting FolderGuid:963EC3EB4002CCE9759E2EBA541A873A
 |   |   |- [+] [  8]
 |   |   |   |- Guid:4634141B4B26CA8DF241478B0208274F BaseClass:/Game/ThirdPerson/Blueprints/Nathan/AirLift.AirLift_C NativeClass:/Script/Engine.Actor Name:AirLift_C_UAID_0068EBB84772E2B301_1986006961 Label:AirLift SpatiallyLoaded:1 Bounds:IsValid=true, Min=(X=1764.000 Y=994.000 Z=-136.000), Max=(X=2036.000 Y=1266.000 Z=136.000) RuntimeGrid:None EditorOnly:0 RuntimeOnly:0 HLODRelevant:0
 |   |   |- [+] [  9]
 |   |   |   |- Guid:0A5672244D113FC5E3078BBCE7061095 BaseClass: NativeClass:/Script/Engine.StaticMeshActor Name:StaticMeshActor_5 Label:SM_Cube2 SpatiallyLoaded:1 Bounds:IsValid=true, Min=(X=0.000 Y=0.000 Z=0.000), Max=(X=5650.000 Y=100.000 Z=400.000) RuntimeGrid:None EditorOnly:0 RuntimeOnly:0 HLODRelevant:1 FolderPath:Playground FolderGuid:C73F09FC4215536B1DCE2A9E0A830C70
 |   |   |- [+] [ 10]
 |   |   |   |- Guid:3B7B622D497AD2E1E0B4E78E09352214 BaseClass: NativeClass:/Script/Engine.TextRenderActor Name:TextRenderActor_UAID_C8D9D20520E569B401_1837145731 Label:TextRenderActor5 SpatiallyLoaded:1 Bounds:IsValid=true, Min=(X=2020.000 Y=220.000 Z=550.000), Max=(X=2020.000 Y=1025.000 Z=595.500) RuntimeGrid:None EditorOnly:0 RuntimeOnly:0 HLODRelevant:0
 |   |   |- [+] [ 11]
 |   |   |   |- Guid:49AC54A549395DEA48361ABECB884180 BaseClass: NativeClass:/Script/Engine.ExponentialHeightFog Name:ExponentialHeightFog_0 Label:ExponentialHeightFog SpatiallyLoaded:0 Bounds:IsValid=true, Min=(X=-5600.000 Y=-50.000 Z=-6850.000), Max=(X=-5600.000 Y=-50.000 Z=-6850.000) RuntimeGrid:None EditorOnly:0 RuntimeOnly:0 HLODRelevant:0 FolderPath:Lighting FolderGuid:963EC3EB4002CCE9759E2EBA541A873A
 |   |   |- [+] [ 12]
 |   |   |   |- Guid:D73FB6674C16DD0C7B18A5B6C7CB586E BaseClass: NativeClass:/Script/Engine.TextRenderActor Name:TextRenderActor_1 Label:TextRenderActor SpatiallyLoaded:1 Bounds:IsValid=true, Min=(X=-0.100 Y=-832.000 Z=65.013), Max=(X=-0.100 Y=460.308 Z=215.013) RuntimeGrid:None EditorOnly:0 RuntimeOnly:0 HLODRelevant:0
 |   |   |- [+] [ 13]
 |   |   |   |- Guid:CB94AEEE40F5DE73F5151589AA701ABB BaseClass: NativeClass:/Script/Engine.TextRenderActor Name:TextRenderActor_UAID_C8D9D20520E569B401_1891426732 Label:TextRenderActor6 SpatiallyLoaded:1 Bounds:IsValid=true, Min=(X=2020.000 Y=220.000 Z=490.000), Max=(X=2020.000 Y=918.250 Z=535.500) RuntimeGrid:None EditorOnly:0 RuntimeOnly:0 HLODRelevant:0
 |   |   |- [+] [ 14]
 |   |   |   |- Guid:077B64994486942D0928CE9447A63648 BaseClass: NativeClass:/Script/Engine.PostProcessVolume Name:PostProcessVolume_0 Label:PostProcessVolume SpatiallyLoaded:0 Bounds:IsValid=true, Min=(X=0.000 Y=0.000 Z=400.000), Max=(X=200.000 Y=200.000 Z=600.000) RuntimeGrid:None EditorOnly:0 RuntimeOnly:0 HLODRelevant:0 FolderPath:Lighting FolderGuid:963EC3EB4002CCE9759E2EBA541A873A
 |   |   |- [+] [ 15]
 |   |   |   |- Guid:8507DA234A7AFB18E7858CA9BA23D08F BaseClass: NativeClass:/Script/Engine.StaticMeshActor Name:StaticMeshActor_1 Label:SM_Cube SpatiallyLoaded:1 Bounds:IsValid=true, Min=(X=0.000 Y=0.000 Z=-50.000), Max=(X=5575.000 Y=1537.500 Z=0.000) RuntimeGrid:None EditorOnly:0 RuntimeOnly:0 HLODRelevant:1 FolderPath:Playground FolderGuid:C73F09FC4215536B1DCE2A9E0A830C70
 |   |   |- [+] [ 16]
 |   |   |   |- Guid:E73A372044B82BD3F5C8379134B03582 BaseClass: NativeClass:/Script/Engine.TextRenderActor Name:TextRenderActor_UAID_C8D9D20520E568B401_1992747550 Label:TextRenderActor4 SpatiallyLoaded:1 Bounds:IsValid=true, Min=(X=120.000 Y=218.500 Z=250.000), Max=(X=120.000 Y=628.000 Z=295.500) RuntimeGrid:None EditorOnly:0 RuntimeOnly:0 HLODRelevant:0
 |   |   |- [+] [ 17]
 |   |   |   |- Guid:01F8D3844B808BFD36B7A790BBAE50CE BaseClass:/Game/ThirdPerson/Blueprints/Nathan/Breakdoor.Breakdoor_C NativeClass:/Script/Engine.Actor Name:Breakdoor_C_UAID_0068EBB84772DEB301_1745939256 Label:Breakdoor SpatiallyLoaded:1 Bounds:IsValid=true, Min=(X=1676.000 Y=676.000 Z=-54.000), Max=(X=1964.000 Y=964.000 Z=234.000) RuntimeGrid:None EditorOnly:0 RuntimeOnly:0 HLODRelevant:0
 |   |   |- [+] [ 18]
 |   |   |   |- Guid:FBDD76524E97AEFBF273FB95C196DDD7 BaseClass:/Game/ThirdPerson/Blueprints/Nathan/NathanProjectiles/Projectile.Projectile_C NativeClass:/Script/Engine.Actor Name:Projectile_C_UAID_C8D9D20520E566B401_2111655192 Label:Projectile SpatiallyLoaded:1 Bounds:IsValid=true, Min=(X=1176.000 Y=596.000 Z=426.000), Max=(X=1204.000 Y=624.000 Z=454.000) RuntimeGrid:None EditorOnly:0 RuntimeOnly:0 HLODRelevant:0
 |   |   |- [+] [ 19]
 |   |   |   |- Guid:C3115CEF4BE510EFD590D8877073BF80 BaseClass: NativeClass:/Script/Engine.StaticMeshActor Name:StaticMeshActor_UAID_0068EBB8477238B401_1680369098 Label:SM_Cube4 SpatiallyLoaded:1 Bounds:IsValid=true, Min=(X=1230.000 Y=1340.000 Z=0.000), Max=(X=5555.000 Y=1440.000 Z=400.000) RuntimeGrid:None EditorOnly:0 RuntimeOnly:0 HLODRelevant:1 FolderPath:Playground FolderGuid:C73F09FC4215536B1DCE2A9E0A830C70
 |   |   |- [+] [ 20]
 |   |   |   |- Guid:8E859F5144DB21E68D02FC93A351AFC8 BaseClass:/Game/ThirdPerson/Blueprints/Nathan/LightCharger.LightCharger_C NativeClass:/Script/Engine.Actor Name:LightCharger_C_UAID_D8CB8A6ED47244B301_1219026151 Label:LightCharger SpatiallyLoaded:1 Bounds:IsValid=true, Min=(X=122.000 Y=390.000 Z=18.000), Max=(X=378.000 Y=646.000 Z=82.000) RuntimeGrid:None EditorOnly:0 RuntimeOnly:0 HLODRelevant:0
 |   |   |- [+] [ 21]
 |   |   |   |- Guid:9B3A043E4FB74A2B0D9AC4987DB0A54C BaseClass: NativeClass:/Script/Engine.TextRenderActor Name:TextRenderActor_UAID_C8D9D20520E568B401_1945567548 Label:TextRenderActor2 SpatiallyLoaded:1 Bounds:IsValid=true, Min=(X=1670.000 Y=590.000 Z=600.000), Max=(X=1670.000 Y=871.750 Z=645.500) RuntimeGrid:None EditorOnly:0 RuntimeOnly:0 HLODRelevant:0
 |   |   |- [+] [ 22]
 |   |   |   |- Guid:6FB356E24DAF3546EA9CA5BC384E63DC BaseClass: NativeClass:/Script/Engine.DirectionalLight Name:DirectionalLight_0 Label:DirectionalLight SpatiallyLoaded:0 Bounds:IsValid=true, Min=(X=-4398046511104.000 Y=-4398046511104.000 Z=-4398046511104.000), Max=(X=4398046511104.000 Y=4398046511104.000 Z=4398046511104.000) RuntimeGrid:None EditorOnly:0 RuntimeOnly:0 HLODRelevant:0 FolderPath:Lighting FolderGuid:963EC3EB4002CCE9759E2EBA541A873A
 |   |   |- [+] [ 23]
 |   |   |   |- Guid:655B68204B00B61755CE09B0EE985360 BaseClass: NativeClass:/Script/Engine.TextRenderActor Name:TextRenderActor_UAID_C8D9D20520E569B401_1932277733 Label:TextRenderActor7 SpatiallyLoaded:1 Bounds:IsValid=true, Min=(X=2020.000 Y=160.000 Z=450.000), Max=(X=2020.000 Y=1540.750 Z=495.500) RuntimeGrid:None EditorOnly:0 RuntimeOnly:0 HLODRelevant:0
 |   |   |- [+] [ 24]
 |   |   |   |- Guid:AA76C2EE4493A889091553A6BF90BF85 BaseClass:/Game/ThirdPerson/Blueprints/Nathan/WarterTest.WarterTest_C NativeClass:/Script/Engine.Actor Name:WarterTest_C_UAID_0068EBB84772DCB301_1595283903 Label:WarterTest SpatiallyLoaded:1 Bounds:IsValid=true, Min=(X=1600.000 Y=418.000 Z=-14.000), Max=(X=2360.000 Y=642.000 Z=114.000) RuntimeGrid:None EditorOnly:0 RuntimeOnly:0 HLODRelevant:0
 |   |   |- [+] [ 25]
 |   |   |   |- Guid:AC8CC16940C190BC25027B9D26ECCBFC BaseClass: NativeClass:/Script/Engine.StaticMeshActor Name:StaticMeshActor_UAID_08BFB8C0C99E9BB601_1075004631 Label:SM_Cube5 SpatiallyLoaded:1 Bounds:IsValid=true, Min=(X=0.000 Y=2089.000 Z=-50.000), Max=(X=1415.625 Y=3007.750 Z=0.000) RuntimeGrid:None EditorOnly:0 RuntimeOnly:0 HLODRelevant:1 FolderPath:First/wall FolderGuid:45938DE4457A18FA357975812C51FBC3
 |   |   |- [+] [ 26]
 |   |   |   |- Guid:CADF5F9543365942297A478DF33BA598 BaseClass: NativeClass:/Script/Engine.StaticMeshActor Name:StaticMeshActor_UAID_08BFB8C0C99E9BB601_1124165632 Label:SM_Cube6 SpatiallyLoaded:1 Bounds:IsValid=true, Min=(X=0.000 Y=2089.000 Z=1.000), Max=(X=12.500 Y=3007.750 Z=360.375) RuntimeGrid:None EditorOnly:0 RuntimeOnly:0 HLODRelevant:1 FolderPath:First/wall FolderGuid:45938DE4457A18FA357975812C51FBC3
 |   |   |- [+] [ 27]
 |   |   |   |- Guid:9738F6DB48DA7A8E007DD48FA48BE9DE BaseClass: NativeClass:/Script/Engine.StaticMeshActor Name:StaticMeshActor_UAID_08BFB8C0C99E9BB601_1152111633 Label:SM_Cube7 SpatiallyLoaded:1 Bounds:IsValid=true, Min=(X=865.000 Y=2089.000 Z=1.000), Max=(X=874.375 Y=3007.750 Z=360.375) RuntimeGrid:None EditorOnly:0 RuntimeOnly:0 HLODRelevant:1 FolderPath:First/wall FolderGuid:45938DE4457A18FA357975812C51FBC3
 |   |   |- [+] [ 28]
 |   |   |   |- Guid:89B8811446E317FFE60C6FB0083326A9 BaseClass: NativeClass:/Script/Engine.StaticMeshActor Name:StaticMeshActor_UAID_08BFB8C0C99E9BB601_1157146634 Label:SM_Cube8 SpatiallyLoaded:1 Bounds:IsValid=true, Min=(X=0.000 Y=2089.000 Z=1.000), Max=(X=871.875 Y=2101.500 Z=360.375) RuntimeGrid:None EditorOnly:0 RuntimeOnly:0 HLODRelevant:1 FolderPath:First/wall FolderGuid:45938DE4457A18FA357975812C51FBC3
 |- ContainerInstances:
 |- [+] MainContainer:
 |   |-        ID: 0x0000000000000000
 |   |-    Bounds: IsValid=false, Min=(X=0.000 Y=0.000 Z=0.000), Max=(X=0.000 Y=0.000 Z=0.000)
 |   |- Transform: 0.000000,0.000000,0.000000|0.000000,0.000000,-0.000000|1.000000,1.000000,1.000000
 |   |- Container: /Game/Level/Kakmap
----------------------------------------------------------------------------------------------------------------
Kakmap - Persistent Level
----------------------------------------------------------------------------------------------------------------
Always loaded Actor Count: 36 

----------------------------------------------------------------------------------------------------------------
Kakmap - Runtime Spatial Hash - Streaming Grid - MainGrid
----------------------------------------------------------------------------------------------------------------
            Origin: X=0.000 Y=0.000 Z=0.000
         Cell Size: 12800
      World Bounds: IsValid=false, Min=(X=0.000 Y=0.000 Z=0.000), Max=(X=0.000 Y=0.000 Z=0.000)
     Loading Range: 25600.00
Block Slow Loading: No
 ClientOnlyVisible: No

[+] Grid Levels: 1
 |- Level  0: Cell Count    0 | Cell Size   12800 | Actor Count    0 (0.0%)

[+] Content of Grid Level 0

