[+] Containers:
 |- [+] Container: /Game/ThirdPerson/Maps/ThirdPersonMap
 |   |- [+] ActorDescs:
 |   |   |- Guid:017891E548CB58643208539D7E0376DE BaseClass:/Game/ThirdPerson/Blueprints/Nathan/IceDummy_2.IceDummy_2_C NativeClass:/Script/Engine.Actor Name:IceDummy_2_C_UAID_9840BB4B10F34FB601_1206706258 Label:IceDummy_6 SpatiallyLoaded:1 Bounds:IsValid=true, Min=(X=4996.000 Y=105.000 Z=-2.000), Max=(X=5024.000 Y=555.000 Z=222.000) RuntimeGrid:None EditorOnly:0 RuntimeOnly:0 HLODRelevant:0
 |   |   |- Guid:03A78AE9416BCA5AFF89F593808B35FD BaseClass:/Game/ThirdPerson/Blueprints/Nathan/Nathan_PickUps/PickUp2.PickUp2_C NativeClass:/Script/Engine.Actor Name:PickUp2_C_UAID_C8D9D20520E567B401_1917514370 Label:PickUp2 SpatiallyLoaded:1 Bounds:IsValid=true, Min=(X=256.000 Y=1166.000 Z=6.000), Max=(X=284.000 Y=1194.000 Z=34.000) RuntimeGrid:None EditorOnly:0 RuntimeOnly:0 HLODRelevant:0
 |   |   |- Guid:10EF22BE4AA808EF4D7B5F8F0BEFF37D BaseClass: NativeClass:/Script/Engine.TextRenderActor Name:TextRenderActor_UAID_C8D9D20520E569B401_1974335734 Label:TextRenderActor8 SpatiallyLoaded:1 Bounds:IsValid=true, Min=(X=2020.000 Y=160.000 Z=320.000), Max=(X=2020.000 Y=1189.000 Z=365.500) RuntimeGrid:None EditorOnly:0 RuntimeOnly:0 HLODRelevant:0
 |   |   |- Guid:1CC01EA64264F46E8084E597379048AB BaseClass:/Game/ThirdPerson/Blueprints/Nathan/Breakdoor.Breakdoor_C NativeClass:/Script/Engine.Actor Name:Breakdoor_C_UAID_0068EBB847723BB401_1371221630 Label:Breakdoor2 SpatiallyLoaded:1 Bounds:IsValid=true, Min=(X=1794.000 Y=2994.000 Z=-2.000), Max=(X=1846.000 Y=3106.000 Z=222.000) RuntimeGrid:None EditorOnly:0 RuntimeOnly:0 HLODRelevant:0
 |   |   |- Guid:1CFD10E64AB87FDFF7143C83106266B9 BaseClass:/Game/ThirdPerson/Blueprints/Nathan/IceDummy_2.IceDummy_2_C NativeClass:/Script/Engine.Actor Name:IceDummy_2_C_UAID_9840BB4B10F34FB601_1397295259 Label:IceDummy_7 SpatiallyLoaded:1 Bounds:IsValid=true, Min=(X=5027.500 Y=536.000 Z=-2.000), Max=(X=5552.500 Y=564.000 Z=222.000) RuntimeGrid:None EditorOnly:0 RuntimeOnly:0 HLODRelevant:0
 |   |   |- Guid:1F752B36409CB6650B5F48944494E889 BaseClass:/Game/ThirdPerson/Blueprints/Nathan/LightCharger.LightCharger_C NativeClass:/Script/Engine.Actor Name:LightCharger_C_UAID_D8CB8A6ED47244B301_1219026151 Label:LightCharger SpatiallyLoaded:1 Bounds:IsValid=true, Min=(X=122.000 Y=2322.000 Z=18.000), Max=(X=378.000 Y=2578.000 Z=82.000) RuntimeGrid:None EditorOnly:0 RuntimeOnly:0 HLODRelevant:0
 |   |   |- Guid:2120C21F4E4CCEF803F102BAC955D1A1 BaseClass: NativeClass:/Script/Engine.StaticMeshActor Name:StaticMeshActor_UAID_0068EBB8477238B401_1680369098 Label:SM_Cube4 SpatiallyLoaded:1 Bounds:IsValid=true, Min=(X=1230.000 Y=1340.000 Z=0.000), Max=(X=5555.000 Y=1440.000 Z=400.000) RuntimeGrid:None EditorOnly:0 RuntimeOnly:0 HLODRelevant:1 FolderPath:Playground FolderGuid:C73F09FC4215536B1DCE2A9E0A830C70
 |   |   |- Guid:22FA499A45A5F4517C77CC8F779721C2 BaseClass: NativeClass:/Script/Engine.TextRenderActor Name:TextRenderActor_UAID_C8D9D20520E568B401_1968080549 Label:TextRenderActor3 SpatiallyLoaded:1 Bounds:IsValid=true, Min=(X=1670.000 Y=2290.000 Z=310.000), Max=(X=1670.000 Y=2587.500 Z=355.500) RuntimeGrid:None EditorOnly:0 RuntimeOnly:0 HLODRelevant:0
 |   |   |- Guid:27F10F42477171C6D62CCFA618D9E1BA BaseClass:/Game/ThirdPerson/Blueprints/Nathan/WarterTest.WarterTest_C NativeClass:/Script/Engine.Actor Name:WarterTest_C_UAID_0068EBB8477235B401_2005968569 Label:WarterTest2 SpatiallyLoaded:1 Bounds:IsValid=true, Min=(X=1830.000 Y=2958.000 Z=-94.000), Max=(X=2590.000 Y=3182.000 Z=34.000) RuntimeGrid:None EditorOnly:0 RuntimeOnly:0 HLODRelevant:0
 |   |   |- Guid:2FB58999456391D349DC0F86DAC136ED BaseClass: NativeClass:/Script/Engine.SkyLight Name:SkyLight_1 Label:SkyLight SpatiallyLoaded:0 Bounds:IsValid=true, Min=(X=0.000 Y=0.000 Z=690.000), Max=(X=0.000 Y=0.000 Z=690.000) RuntimeGrid:None EditorOnly:0 RuntimeOnly:0 HLODRelevant:0 FolderPath:Lighting FolderGuid:963EC3EB4002CCE9759E2EBA541A873A
 |   |   |- Guid:30EFFC4941AB0468CC5A13AF41855601 BaseClass:/Game/ThirdPerson/Blueprints/Nathan/Nathan_PickUps/PickUp1.PickUp1_C NativeClass:/Script/Engine.Actor Name:PickUp1_C_UAID_C8D9D20520E567B401_1859484369 Label:PickUp1 SpatiallyLoaded:1 Bounds:IsValid=true, Min=(X=258.000 Y=898.000 Z=-22.000), Max=(X=342.000 Y=982.000 Z=62.000) RuntimeGrid:None EditorOnly:0 RuntimeOnly:0 HLODRelevant:0
 |   |   |- Guid:316CF2A6494ACA4C0E4180A87D36AB8F BaseClass: NativeClass:/Script/Engine.ExponentialHeightFog Name:ExponentialHeightFog_0 Label:ExponentialHeightFog SpatiallyLoaded:0 Bounds:IsValid=true, Min=(X=-5600.000 Y=-50.000 Z=-6850.000), Max=(X=-5600.000 Y=-50.000 Z=-6850.000) RuntimeGrid:None EditorOnly:0 RuntimeOnly:0 HLODRelevant:0 FolderPath:Lighting FolderGuid:963EC3EB4002CCE9759E2EBA541A873A
 |   |   |- Guid:3A00AA1C422CE54C0BDB60BAF471BFBB BaseClass: NativeClass:/Script/Engine.PlayerStart Name:PlayerStart_0 Label:PlayerStart SpatiallyLoaded:0 Bounds:IsValid=true, Min=(X=860.000 Y=610.000 Z=0.013), Max=(X=940.000 Y=690.000 Z=184.013) RuntimeGrid:None EditorOnly:0 RuntimeOnly:0 HLODRelevant:0
 |   |   |- Guid:43815E84492231AFC407F59E3C28176B BaseClass: NativeClass:/Script/Engine.StaticMeshActor Name:StaticMeshActor_4 Label:SM_Cube6 SpatiallyLoaded:1 Bounds:IsValid=true, Min=(X=5560.000 Y=100.000 Z=0.000), Max=(X=5660.000 Y=3400.000 Z=400.000) RuntimeGrid:None EditorOnly:0 RuntimeOnly:0 HLODRelevant:1 FolderPath:Playground FolderGuid:C73F09FC4215536B1DCE2A9E0A830C70
 |   |   |- Guid:4D3BE93F4146AAAC8BBE79999D96D57F BaseClass: NativeClass:/Script/Engine.VolumetricCloud Name:VolumetricCloud_0 Label:VolumetricCloud SpatiallyLoaded:0 Bounds:IsValid=true, Min=(X=0.000 Y=0.000 Z=820.000), Max=(X=0.000 Y=0.000 Z=820.000) RuntimeGrid:None EditorOnly:0 RuntimeOnly:0 HLODRelevant:0 FolderPath:Lighting FolderGuid:963EC3EB4002CCE9759E2EBA541A873A
 |   |   |- Guid:5A20F4254497FFC0B42632B5F6E608E9 BaseClass:/Game/ThirdPerson/Blueprints/Nathan/IceDummy_2.IceDummy_2_C NativeClass:/Script/Engine.Actor Name:IceDummy_2_C_UAID_C8D9D20520E569B401_1556050730 Label:IceDummy_4 SpatiallyLoaded:1 Bounds:IsValid=true, Min=(X=3146.000 Y=1937.500 Z=-34.000), Max=(X=3174.000 Y=1962.500 Z=274.000) RuntimeGrid:None EditorOnly:0 RuntimeOnly:0 HLODRelevant:0
 |   |   |- Guid:5B97F4A64FB21F77EFC44386BF705B4C BaseClass: NativeClass:/Script/Engine.TextRenderActor Name:TextRenderActor_1 Label:TextRenderActor SpatiallyLoaded:1 Bounds:IsValid=true, Min=(X=-0.100 Y=1100.000 Z=65.013), Max=(X=-0.100 Y=2392.308 Z=215.013) RuntimeGrid:None EditorOnly:0 RuntimeOnly:0 HLODRelevant:0
 |   |   |- Guid:64A21CDC4355102773EC4A8D04C8C0C6 BaseClass: NativeClass:/Script/Engine.TextRenderActor Name:TextRenderActor_UAID_C8D9D20520E569B401_1837145731 Label:TextRenderActor5 SpatiallyLoaded:1 Bounds:IsValid=true, Min=(X=2020.000 Y=220.000 Z=550.000), Max=(X=2020.000 Y=1025.000 Z=595.500) RuntimeGrid:None EditorOnly:0 RuntimeOnly:0 HLODRelevant:0
 |   |   |- Guid:6BAF4DDD444C60371492D3919DB42C97 BaseClass: NativeClass:/Script/Engine.WorldDataLayers Name:WorldDataLayers Label:WorldDataLayers SpatiallyLoaded:0 Bounds:IsValid=true, Min=(X=0.000 Y=0.000 Z=0.000), Max=(X=0.000 Y=0.000 Z=0.000) RuntimeGrid:None EditorOnly:0 RuntimeOnly:0 HLODRelevant:0
 |   |   |- Guid:7651BE264DC068120693D98C652A8BD1 BaseClass: NativeClass:/Script/Engine.TextRenderActor Name:TextRenderActor_UAID_C8D9D20520E569B401_1891426732 Label:TextRenderActor6 SpatiallyLoaded:1 Bounds:IsValid=true, Min=(X=2020.000 Y=220.000 Z=490.000), Max=(X=2020.000 Y=918.250 Z=535.500) RuntimeGrid:None EditorOnly:0 RuntimeOnly:0 HLODRelevant:0
 |   |   |- Guid:7E571A4E4A16D8A863E2118F2976B28B BaseClass:/Game/ThirdPerson/Blueprints/Nathan/Breakdoor.Breakdoor_C NativeClass:/Script/Engine.Actor Name:Breakdoor_C_UAID_0068EBB847723BB401_1726763631 Label:Breakdoor3 SpatiallyLoaded:1 Bounds:IsValid=true, Min=(X=1794.000 Y=2894.000 Z=-2.000), Max=(X=1846.000 Y=3006.000 Z=222.000) RuntimeGrid:None EditorOnly:0 RuntimeOnly:0 HLODRelevant:0
 |   |   |- Guid:8380207C4AE354ED05F6C59FAC24472A BaseClass:/Game/ThirdPerson/Blueprints/Nathan/WarterTest.WarterTest_C NativeClass:/Script/Engine.Actor Name:WarterTest_C_UAID_9840BB4B10F34DB601_1501391905 Label:WarterTest3 SpatiallyLoaded:1 Bounds:IsValid=true, Min=(X=3350.000 Y=2312.000 Z=734.000), Max=(X=3730.000 Y=2648.000 Z=766.000) RuntimeGrid:None EditorOnly:0 RuntimeOnly:0 HLODRelevant:0
 |   |   |- Guid:85E1D88A478ED2C41113A68128906C61 BaseClass:/Game/ThirdPerson/Blueprints/Nathan/NathanProjectiles/Projectile.Projectile_C NativeClass:/Script/Engine.Actor Name:Projectile_C_UAID_C8D9D20520E566B401_2111655192 Label:Projectile SpatiallyLoaded:1 Bounds:IsValid=true, Min=(X=1176.000 Y=596.000 Z=426.000), Max=(X=1204.000 Y=624.000 Z=454.000) RuntimeGrid:None EditorOnly:0 RuntimeOnly:0 HLODRelevant:0
 |   |   |- Guid:8C50C96F4E17D40C4368FE895F75CCC9 BaseClass:/Game/ThirdPerson/Blueprints/Nathan/Breakdoor.Breakdoor_C NativeClass:/Script/Engine.Actor Name:Breakdoor_C_UAID_0068EBB84772DEB301_1745939256 Label:Breakdoor SpatiallyLoaded:1 Bounds:IsValid=true, Min=(X=1794.000 Y=764.000 Z=-12.000), Max=(X=1846.000 Y=876.000 Z=212.000) RuntimeGrid:None EditorOnly:0 RuntimeOnly:0 HLODRelevant:0
 |   |   |- Guid:91EA4CEF4BA51095B27F9B8F69659118 BaseClass:/Game/ThirdPerson/Blueprints/Nathan/Nathan_PickUps/PickUp3.PickUp3_C NativeClass:/Script/Engine.Actor Name:PickUp3_C_UAID_C8D9D20520E567B401_1975884371 Label:PickUp3 SpatiallyLoaded:1 Bounds:IsValid=true, Min=(X=252.000 Y=1352.000 Z=2.000), Max=(X=308.000 Y=1408.000 Z=58.000) RuntimeGrid:None EditorOnly:0 RuntimeOnly:0 HLODRelevant:0
 |   |   |- Guid:9401C25F473B2403E4F0B0A96F8F8B18 BaseClass: NativeClass:/Script/Engine.TextRenderActor Name:TextRenderActor_UAID_C8D9D20520E568B401_1992747550 Label:TextRenderActor4 SpatiallyLoaded:1 Bounds:IsValid=true, Min=(X=120.000 Y=2150.500 Z=250.000), Max=(X=120.000 Y=2560.000 Z=295.500) RuntimeGrid:None EditorOnly:0 RuntimeOnly:0 HLODRelevant:0
 |   |   |- Guid:A27EA6AB4BA5388BB58D38AA0B5FD12B BaseClass:/Game/ThirdPerson/Blueprints/Nathan/IceDummy_2.IceDummy_2_C NativeClass:/Script/Engine.Actor Name:IceDummy_2_C_UAID_0068EBB8477239B401_1161703276 Label:IceDummy_2 SpatiallyLoaded:1 Bounds:IsValid=true, Min=(X=2852.500 Y=2298.000 Z=614.000), Max=(X=4127.500 Y=2662.000 Z=726.000) RuntimeGrid:None EditorOnly:0 RuntimeOnly:0 HLODRelevant:0
 |   |   |- Guid:A56216954B2165CF0F35A886B537D536 BaseClass: NativeClass:/Script/Engine.StaticMeshActor Name:StaticMeshActor_0 Label:SM_Cube5 SpatiallyLoaded:1 Bounds:IsValid=true, Min=(X=-0.000 Y=100.000 Z=0.000), Max=(X=100.000 Y=3400.000 Z=1125.000) RuntimeGrid:None EditorOnly:0 RuntimeOnly:0 HLODRelevant:1 FolderPath:Playground FolderGuid:C73F09FC4215536B1DCE2A9E0A830C70
 |   |   |- Guid:ACEEBE814EFDEE320BD58CBF5CEDD7FE BaseClass: NativeClass:/Script/Engine.TextRenderActor Name:TextRenderActor_UAID_C8D9D20520E569B401_1932277733 Label:TextRenderActor7 SpatiallyLoaded:1 Bounds:IsValid=true, Min=(X=2020.000 Y=160.000 Z=450.000), Max=(X=2020.000 Y=1540.750 Z=495.500) RuntimeGrid:None EditorOnly:0 RuntimeOnly:0 HLODRelevant:0
 |   |   |- Guid:B470314147C4EC2CB5EA61B52999ADD9 BaseClass:/Game/ThirdPerson/Blueprints/Nathan/Nathan_PickUps/PickUp1.PickUp1_C NativeClass:/Script/Engine.Actor Name:PickUp1_C_UAID_9840BB4B10F34CB601_1505311728 Label:PickUp5 SpatiallyLoaded:1 Bounds:IsValid=true, Min=(X=4168.000 Y=598.000 Z=798.000), Max=(X=4252.000 Y=682.000 Z=882.000) RuntimeGrid:None EditorOnly:0 RuntimeOnly:0 HLODRelevant:0
 |   |   |- Guid:B63FAE294336ED10BAB3949DD2258530 BaseClass:/Game/ThirdPerson/Blueprints/Nathan/Nathan_PickUps/PickUp3.PickUp3_C NativeClass:/Script/Engine.Actor Name:PickUp3_C_UAID_9840BB4B10F34FB601_1622987260 Label:PickUp6 SpatiallyLoaded:1 Bounds:IsValid=true, Min=(X=5442.000 Y=302.000 Z=-18.000), Max=(X=5498.000 Y=358.000 Z=38.000) RuntimeGrid:None EditorOnly:0 RuntimeOnly:0 HLODRelevant:0
 |   |   |- Guid:B785ED2844B84CFB91E7F39FE661CD99 BaseClass: NativeClass:/Script/Engine.DirectionalLight Name:DirectionalLight_0 Label:DirectionalLight SpatiallyLoaded:0 Bounds:IsValid=true, Min=(X=-1048576.000 Y=-1048576.000 Z=-1048576.000), Max=(X=1048576.000 Y=1048576.000 Z=1048576.000) RuntimeGrid:None EditorOnly:0 RuntimeOnly:0 HLODRelevant:0 FolderPath:Lighting FolderGuid:963EC3EB4002CCE9759E2EBA541A873A
 |   |   |- Guid:BC08B79C4EA3C961CFF75EBBE83B367D BaseClass: NativeClass:/Script/Engine.StaticMeshActor Name:StaticMeshActor_5 Label:SM_Cube2 SpatiallyLoaded:1 Bounds:IsValid=true, Min=(X=0.000 Y=0.000 Z=0.000), Max=(X=5650.000 Y=100.000 Z=400.000) RuntimeGrid:None EditorOnly:0 RuntimeOnly:0 HLODRelevant:1 FolderPath:Playground FolderGuid:C73F09FC4215536B1DCE2A9E0A830C70
 |   |   |- Guid:C043F444405F0035E5F9DBB972A46971 BaseClass:/Game/ThirdPerson/Blueprints/Nathan/Breakdoor.Breakdoor_C NativeClass:/Script/Engine.Actor Name:Breakdoor_C_UAID_0068EBB847723BB401_1729609632 Label:Breakdoor4 SpatiallyLoaded:1 Bounds:IsValid=true, Min=(X=1794.000 Y=3084.000 Z=-2.000), Max=(X=1846.000 Y=3196.000 Z=222.000) RuntimeGrid:None EditorOnly:0 RuntimeOnly:0 HLODRelevant:0
 |   |   |- Guid:C7711A3F4338FA09BB3BF8A9A31B0485 BaseClass:/Game/ThirdPerson/Blueprints/Nathan/Nathan_PickUps/PickUp1.PickUp1_C NativeClass:/Script/Engine.Actor Name:PickUp1_C_UAID_C8D9D20520E569B401_1333055727 Label:PickUp4 SpatiallyLoaded:1 Bounds:IsValid=true, Min=(X=3868.000 Y=2408.000 Z=718.000), Max=(X=3952.000 Y=2492.000 Z=802.000) RuntimeGrid:None EditorOnly:0 RuntimeOnly:0 HLODRelevant:0
 |   |   |- Guid:C81D9CE84A7B0082BA1E968408D7DD48 BaseClass:/Game/ThirdPerson/Blueprints/Nathan/AirLift.AirLift_C NativeClass:/Script/Engine.Actor Name:AirLift_C_UAID_0068EBB84772E2B301_1986006961 Label:AirLift SpatiallyLoaded:1 Bounds:IsValid=true, Min=(X=1844.000 Y=1074.000 Z=-14.400), Max=(X=1956.000 Y=1186.000 Z=14.400) RuntimeGrid:None EditorOnly:0 RuntimeOnly:0 HLODRelevant:0
 |   |   |- Guid:CAAF79AD44E648F0CE5F8EAEA5E6E9B5 BaseClass:/Game/ThirdPerson/Blueprints/Nathan/AirLift.AirLift_C NativeClass:/Script/Engine.Actor Name:AirLift_C_UAID_0068EBB8477235B401_1848560567 Label:AirLift2 SpatiallyLoaded:1 Bounds:IsValid=true, Min=(X=2154.000 Y=2354.000 Z=-14.400), Max=(X=2266.000 Y=2466.000 Z=14.400) RuntimeGrid:None EditorOnly:0 RuntimeOnly:0 HLODRelevant:0
 |   |   |- Guid:CCFF262C46EEFFDF319E7F9539CE697E BaseClass: NativeClass:/Script/Engine.SkyAtmosphere Name:SkyAtmosphere_0 Label:SkyAtmosphere SpatiallyLoaded:0 Bounds:IsValid=true, Min=(X=0.000 Y=0.000 Z=1020.000), Max=(X=0.000 Y=0.000 Z=1020.000) RuntimeGrid:None EditorOnly:0 RuntimeOnly:0 HLODRelevant:0 FolderPath:Lighting FolderGuid:963EC3EB4002CCE9759E2EBA541A873A
 |   |   |- Guid:D51ACC9E42D97D192FF059AA803821D0 BaseClass:/Game/ThirdPerson/Blueprints/Nathan/BridgeTest.BridgeTest_C NativeClass:/Script/Engine.Actor Name:BridgeTest_C_UAID_C8D9D20520E569B401_1429153728 Label:BridgeTest SpatiallyLoaded:1 Bounds:IsValid=true, Min=(X=3135.000 Y=1700.000 Z=60.000), Max=(X=3785.000 Y=2000.000 Z=305.000) RuntimeGrid:None EditorOnly:0 RuntimeOnly:0 HLODRelevant:0
 |   |   |- Guid:D70DA9F94B033594DD3E8BAD64ED3710 BaseClass: NativeClass:/Script/Engine.TextRenderActor Name:TextRenderActor_UAID_C8D9D20520E568B401_1945567548 Label:TextRenderActor2 SpatiallyLoaded:1 Bounds:IsValid=true, Min=(X=1670.000 Y=590.000 Z=600.000), Max=(X=1670.000 Y=871.750 Z=645.500) RuntimeGrid:None EditorOnly:0 RuntimeOnly:0 HLODRelevant:0
 |   |   |- Guid:D8C58E3440F382F464F59594A163EB8A BaseClass:/Game/ThirdPerson/Blueprints/Nathan/IceDummy_2.IceDummy_2_C NativeClass:/Script/Engine.Actor Name:IceDummy_2_C_UAID_9840BB4B10F34CB601_1133519727 Label:IceDummy_5 SpatiallyLoaded:1 Bounds:IsValid=true, Min=(X=3718.327 Y=516.720 Z=742.000), Max=(X=4268.327 Y=880.720 Z=798.000) RuntimeGrid:None EditorOnly:0 RuntimeOnly:0 HLODRelevant:0
 |   |   |- Guid:E6FBDBF74831C9332FD06E8C93DD10F1 BaseClass:/Game/ThirdPerson/Blueprints/Nathan/WarterTest.WarterTest_C NativeClass:/Script/Engine.Actor Name:WarterTest_C_UAID_0068EBB84772DCB301_1595283903 Label:WarterTest SpatiallyLoaded:1 Bounds:IsValid=true, Min=(X=1600.000 Y=418.000 Z=-14.000), Max=(X=2360.000 Y=642.000 Z=114.000) RuntimeGrid:None EditorOnly:0 RuntimeOnly:0 HLODRelevant:0
 |   |   |- Guid:EAD35A5F44EAFFFF7D57059CC0AE0788 BaseClass:/Game/ThirdPerson/Blueprints/Nathan/IceDummy.IceDummy_C NativeClass:/Script/Engine.Actor Name:IceDummy_C_UAID_0068EBB84772DAB301_1218583551 Label:IceDummy SpatiallyLoaded:1 Bounds:IsValid=true, Min=(X=1794.000 Y=170.000 Z=4.000), Max=(X=1906.000 Y=270.000 Z=116.000) RuntimeGrid:None EditorOnly:0 RuntimeOnly:0 HLODRelevant:0
 |   |   |- Guid:EC4E0C944CE6AC6E784BC6BB2916EA13 BaseClass: NativeClass:/Script/Engine.StaticMeshActor Name:StaticMeshActor_UAID_A4AE111137DC5EFB00_1110535423 Label:SM_SkySphere SpatiallyLoaded:0 Bounds:IsValid=true, Min=(X=-1638400.000 Y=-1638400.000 Z=-1638400.000), Max=(X=1638400.000 Y=1638400.000 Z=1638400.000) RuntimeGrid:None EditorOnly:0 RuntimeOnly:0 HLODRelevant:1 FolderPath:Lighting FolderGuid:963EC3EB4002CCE9759E2EBA541A873A
 |   |   |- Guid:F1924B8D48954B30891B2DB6A694F9CC BaseClass: NativeClass:/Script/Engine.StaticMeshActor Name:StaticMeshActor_1 Label:SM_Cube SpatiallyLoaded:1 Bounds:IsValid=true, Min=(X=0.000 Y=0.000 Z=-50.000), Max=(X=5575.000 Y=3500.000 Z=0.000) RuntimeGrid:None EditorOnly:0 RuntimeOnly:0 HLODRelevant:1 FolderPath:Playground FolderGuid:C73F09FC4215536B1DCE2A9E0A830C70
 |   |   |- Guid:F5E3FEB3450C49844FD93DA8E083C8AD BaseClass: NativeClass:/Script/Engine.PostProcessVolume Name:PostProcessVolume_0 Label:PostProcessVolume SpatiallyLoaded:0 Bounds:IsValid=true, Min=(X=0.000 Y=0.000 Z=400.000), Max=(X=200.000 Y=200.000 Z=600.000) RuntimeGrid:None EditorOnly:0 RuntimeOnly:0 HLODRelevant:0 FolderPath:Lighting FolderGuid:963EC3EB4002CCE9759E2EBA541A873A
 |   |   |- Guid:F70184AC4A7BF42B67987D8C28B4838D BaseClass:/Game/ThirdPerson/Blueprints/Nathan/IceDummy_2.IceDummy_2_C NativeClass:/Script/Engine.Actor Name:IceDummy_2_C_UAID_C8D9D20520E569B401_1523908729 Label:IceDummy_3 SpatiallyLoaded:1 Bounds:IsValid=true, Min=(X=3146.000 Y=1727.500 Z=-34.000), Max=(X=3174.000 Y=1752.500 Z=274.000) RuntimeGrid:None EditorOnly:0 RuntimeOnly:0 HLODRelevant:0
 |   |   |- Guid:FF698C67459ADB4982D7759C0905EE9F BaseClass: NativeClass:/Script/Engine.StaticMeshActor Name:StaticMeshActor_6 Label:SM_Cube3 SpatiallyLoaded:1 Bounds:IsValid=true, Min=(X=0.000 Y=3400.000 Z=0.000), Max=(X=5650.000 Y=3500.000 Z=400.000) RuntimeGrid:None EditorOnly:0 RuntimeOnly:0 HLODRelevant:1 FolderPath:Playground FolderGuid:C73F09FC4215536B1DCE2A9E0A830C70
 |   |- [+] Clusters:
 |   |   |- [+] [  0]
 |   |   |   |- Guid:30EFFC4941AB0468CC5A13AF41855601 BaseClass:/Game/ThirdPerson/Blueprints/Nathan/Nathan_PickUps/PickUp1.PickUp1_C NativeClass:/Script/Engine.Actor Name:PickUp1_C_UAID_C8D9D20520E567B401_1859484369 Label:PickUp1 SpatiallyLoaded:1 Bounds:IsValid=true, Min=(X=258.000 Y=898.000 Z=-22.000), Max=(X=342.000 Y=982.000 Z=62.000) RuntimeGrid:None EditorOnly:0 RuntimeOnly:0 HLODRelevant:0
 |   |   |- [+] [  1]
 |   |   |   |- Guid:6BAF4DDD444C60371492D3919DB42C97 BaseClass: NativeClass:/Script/Engine.WorldDataLayers Name:WorldDataLayers Label:WorldDataLayers SpatiallyLoaded:0 Bounds:IsValid=true, Min=(X=0.000 Y=0.000 Z=0.000), Max=(X=0.000 Y=0.000 Z=0.000) RuntimeGrid:None EditorOnly:0 RuntimeOnly:0 HLODRelevant:0
 |   |   |- [+] [  2]
 |   |   |   |- Guid:8C50C96F4E17D40C4368FE895F75CCC9 BaseClass:/Game/ThirdPerson/Blueprints/Nathan/Breakdoor.Breakdoor_C NativeClass:/Script/Engine.Actor Name:Breakdoor_C_UAID_0068EBB84772DEB301_1745939256 Label:Breakdoor SpatiallyLoaded:1 Bounds:IsValid=true, Min=(X=1794.000 Y=764.000 Z=-12.000), Max=(X=1846.000 Y=876.000 Z=212.000) RuntimeGrid:None EditorOnly:0 RuntimeOnly:0 HLODRelevant:0
 |   |   |- [+] [  3]
 |   |   |   |- Guid:C7711A3F4338FA09BB3BF8A9A31B0485 BaseClass:/Game/ThirdPerson/Blueprints/Nathan/Nathan_PickUps/PickUp1.PickUp1_C NativeClass:/Script/Engine.Actor Name:PickUp1_C_UAID_C8D9D20520E569B401_1333055727 Label:PickUp4 SpatiallyLoaded:1 Bounds:IsValid=true, Min=(X=3868.000 Y=2408.000 Z=718.000), Max=(X=3952.000 Y=2492.000 Z=802.000) RuntimeGrid:None EditorOnly:0 RuntimeOnly:0 HLODRelevant:0
 |   |   |- [+] [  4]
 |   |   |   |- Guid:E6FBDBF74831C9332FD06E8C93DD10F1 BaseClass:/Game/ThirdPerson/Blueprints/Nathan/WarterTest.WarterTest_C NativeClass:/Script/Engine.Actor Name:WarterTest_C_UAID_0068EBB84772DCB301_1595283903 Label:WarterTest SpatiallyLoaded:1 Bounds:IsValid=true, Min=(X=1600.000 Y=418.000 Z=-14.000), Max=(X=2360.000 Y=642.000 Z=114.000) RuntimeGrid:None EditorOnly:0 RuntimeOnly:0 HLODRelevant:0
 |   |   |- [+] [  5]
 |   |   |   |- Guid:F5E3FEB3450C49844FD93DA8E083C8AD BaseClass: NativeClass:/Script/Engine.PostProcessVolume Name:PostProcessVolume_0 Label:PostProcessVolume SpatiallyLoaded:0 Bounds:IsValid=true, Min=(X=0.000 Y=0.000 Z=400.000), Max=(X=200.000 Y=200.000 Z=600.000) RuntimeGrid:None EditorOnly:0 RuntimeOnly:0 HLODRelevant:0 FolderPath:Lighting FolderGuid:963EC3EB4002CCE9759E2EBA541A873A
 |   |   |- [+] [  6]
 |   |   |   |- Guid:D8C58E3440F382F464F59594A163EB8A BaseClass:/Game/ThirdPerson/Blueprints/Nathan/IceDummy_2.IceDummy_2_C NativeClass:/Script/Engine.Actor Name:IceDummy_2_C_UAID_9840BB4B10F34CB601_1133519727 Label:IceDummy_5 SpatiallyLoaded:1 Bounds:IsValid=true, Min=(X=3718.327 Y=516.720 Z=742.000), Max=(X=4268.327 Y=880.720 Z=798.000) RuntimeGrid:None EditorOnly:0 RuntimeOnly:0 HLODRelevant:0
 |   |   |- [+] [  7]
 |   |   |   |- Guid:5B97F4A64FB21F77EFC44386BF705B4C BaseClass: NativeClass:/Script/Engine.TextRenderActor Name:TextRenderActor_1 Label:TextRenderActor SpatiallyLoaded:1 Bounds:IsValid=true, Min=(X=-0.100 Y=1100.000 Z=65.013), Max=(X=-0.100 Y=2392.308 Z=215.013) RuntimeGrid:None EditorOnly:0 RuntimeOnly:0 HLODRelevant:0
 |   |   |- [+] [  8]
 |   |   |   |- Guid:B470314147C4EC2CB5EA61B52999ADD9 BaseClass:/Game/ThirdPerson/Blueprints/Nathan/Nathan_PickUps/PickUp1.PickUp1_C NativeClass:/Script/Engine.Actor Name:PickUp1_C_UAID_9840BB4B10F34CB601_1505311728 Label:PickUp5 SpatiallyLoaded:1 Bounds:IsValid=true, Min=(X=4168.000 Y=598.000 Z=798.000), Max=(X=4252.000 Y=682.000 Z=882.000) RuntimeGrid:None EditorOnly:0 RuntimeOnly:0 HLODRelevant:0
 |   |   |- [+] [  9]
 |   |   |   |- Guid:A27EA6AB4BA5388BB58D38AA0B5FD12B BaseClass:/Game/ThirdPerson/Blueprints/Nathan/IceDummy_2.IceDummy_2_C NativeClass:/Script/Engine.Actor Name:IceDummy_2_C_UAID_0068EBB8477239B401_1161703276 Label:IceDummy_2 SpatiallyLoaded:1 Bounds:IsValid=true, Min=(X=2852.500 Y=2298.000 Z=614.000), Max=(X=4127.500 Y=2662.000 Z=726.000) RuntimeGrid:None EditorOnly:0 RuntimeOnly:0 HLODRelevant:0
 |   |   |- [+] [ 10]
 |   |   |   |- Guid:D70DA9F94B033594DD3E8BAD64ED3710 BaseClass: NativeClass:/Script/Engine.TextRenderActor Name:TextRenderActor_UAID_C8D9D20520E568B401_1945567548 Label:TextRenderActor2 SpatiallyLoaded:1 Bounds:IsValid=true, Min=(X=1670.000 Y=590.000 Z=600.000), Max=(X=1670.000 Y=871.750 Z=645.500) RuntimeGrid:None EditorOnly:0 RuntimeOnly:0 HLODRelevant:0
 |   |   |- [+] [ 11]
 |   |   |   |- Guid:4D3BE93F4146AAAC8BBE79999D96D57F BaseClass: NativeClass:/Script/Engine.VolumetricCloud Name:VolumetricCloud_0 Label:VolumetricCloud SpatiallyLoaded:0 Bounds:IsValid=true, Min=(X=0.000 Y=0.000 Z=820.000), Max=(X=0.000 Y=0.000 Z=820.000) RuntimeGrid:None EditorOnly:0 RuntimeOnly:0 HLODRelevant:0 FolderPath:Lighting FolderGuid:963EC3EB4002CCE9759E2EBA541A873A
 |   |   |- [+] [ 12]
 |   |   |   |- Guid:EAD35A5F44EAFFFF7D57059CC0AE0788 BaseClass:/Game/ThirdPerson/Blueprints/Nathan/IceDummy.IceDummy_C NativeClass:/Script/Engine.Actor Name:IceDummy_C_UAID_0068EBB84772DAB301_1218583551 Label:IceDummy SpatiallyLoaded:1 Bounds:IsValid=true, Min=(X=1794.000 Y=170.000 Z=4.000), Max=(X=1906.000 Y=270.000 Z=116.000) RuntimeGrid:None EditorOnly:0 RuntimeOnly:0 HLODRelevant:0
 |   |   |- [+] [ 13]
 |   |   |   |- Guid:CCFF262C46EEFFDF319E7F9539CE697E BaseClass: NativeClass:/Script/Engine.SkyAtmosphere Name:SkyAtmosphere_0 Label:SkyAtmosphere SpatiallyLoaded:0 Bounds:IsValid=true, Min=(X=0.000 Y=0.000 Z=1020.000), Max=(X=0.000 Y=0.000 Z=1020.000) RuntimeGrid:None EditorOnly:0 RuntimeOnly:0 HLODRelevant:0 FolderPath:Lighting FolderGuid:963EC3EB4002CCE9759E2EBA541A873A
 |   |   |- [+] [ 14]
 |   |   |   |- Guid:2120C21F4E4CCEF803F102BAC955D1A1 BaseClass: NativeClass:/Script/Engine.StaticMeshActor Name:StaticMeshActor_UAID_0068EBB8477238B401_1680369098 Label:SM_Cube4 SpatiallyLoaded:1 Bounds:IsValid=true, Min=(X=1230.000 Y=1340.000 Z=0.000), Max=(X=5555.000 Y=1440.000 Z=400.000) RuntimeGrid:None EditorOnly:0 RuntimeOnly:0 HLODRelevant:1 FolderPath:Playground FolderGuid:C73F09FC4215536B1DCE2A9E0A830C70
 |   |   |- [+] [ 15]
 |   |   |   |- Guid:EC4E0C944CE6AC6E784BC6BB2916EA13 BaseClass: NativeClass:/Script/Engine.StaticMeshActor Name:StaticMeshActor_UAID_A4AE111137DC5EFB00_1110535423 Label:SM_SkySphere SpatiallyLoaded:0 Bounds:IsValid=true, Min=(X=-1638400.000 Y=-1638400.000 Z=-1638400.000), Max=(X=1638400.000 Y=1638400.000 Z=1638400.000) RuntimeGrid:None EditorOnly:0 RuntimeOnly:0 HLODRelevant:1 FolderPath:Lighting FolderGuid:963EC3EB4002CCE9759E2EBA541A873A
 |   |   |- [+] [ 16]
 |   |   |   |- Guid:43815E84492231AFC407F59E3C28176B BaseClass: NativeClass:/Script/Engine.StaticMeshActor Name:StaticMeshActor_4 Label:SM_Cube6 SpatiallyLoaded:1 Bounds:IsValid=true, Min=(X=5560.000 Y=100.000 Z=0.000), Max=(X=5660.000 Y=3400.000 Z=400.000) RuntimeGrid:None EditorOnly:0 RuntimeOnly:0 HLODRelevant:1 FolderPath:Playground FolderGuid:C73F09FC4215536B1DCE2A9E0A830C70
 |   |   |- [+] [ 17]
 |   |   |   |- Guid:F70184AC4A7BF42B67987D8C28B4838D BaseClass:/Game/ThirdPerson/Blueprints/Nathan/IceDummy_2.IceDummy_2_C NativeClass:/Script/Engine.Actor Name:IceDummy_2_C_UAID_C8D9D20520E569B401_1523908729 Label:IceDummy_3 SpatiallyLoaded:1 Bounds:IsValid=true, Min=(X=3146.000 Y=1727.500 Z=-34.000), Max=(X=3174.000 Y=1752.500 Z=274.000) RuntimeGrid:None EditorOnly:0 RuntimeOnly:0 HLODRelevant:0
 |   |   |- [+] [ 18]
 |   |   |   |- Guid:7E571A4E4A16D8A863E2118F2976B28B BaseClass:/Game/ThirdPerson/Blueprints/Nathan/Breakdoor.Breakdoor_C NativeClass:/Script/Engine.Actor Name:Breakdoor_C_UAID_0068EBB847723BB401_1726763631 Label:Breakdoor3 SpatiallyLoaded:1 Bounds:IsValid=true, Min=(X=1794.000 Y=2894.000 Z=-2.000), Max=(X=1846.000 Y=3006.000 Z=222.000) RuntimeGrid:None EditorOnly:0 RuntimeOnly:0 HLODRelevant:0
 |   |   |- [+] [ 19]
 |   |   |   |- Guid:B785ED2844B84CFB91E7F39FE661CD99 BaseClass: NativeClass:/Script/Engine.DirectionalLight Name:DirectionalLight_0 Label:DirectionalLight SpatiallyLoaded:0 Bounds:IsValid=true, Min=(X=-1048576.000 Y=-1048576.000 Z=-1048576.000), Max=(X=1048576.000 Y=1048576.000 Z=1048576.000) RuntimeGrid:None EditorOnly:0 RuntimeOnly:0 HLODRelevant:0 FolderPath:Lighting FolderGuid:963EC3EB4002CCE9759E2EBA541A873A
 |   |   |- [+] [ 20]
 |   |   |   |- Guid:91EA4CEF4BA51095B27F9B8F69659118 BaseClass:/Game/ThirdPerson/Blueprints/Nathan/Nathan_PickUps/PickUp3.PickUp3_C NativeClass:/Script/Engine.Actor Name:PickUp3_C_UAID_C8D9D20520E567B401_1975884371 Label:PickUp3 SpatiallyLoaded:1 Bounds:IsValid=true, Min=(X=252.000 Y=1352.000 Z=2.000), Max=(X=308.000 Y=1408.000 Z=58.000) RuntimeGrid:None EditorOnly:0 RuntimeOnly:0 HLODRelevant:0
 |   |   |- [+] [ 21]
 |   |   |   |- Guid:22FA499A45A5F4517C77CC8F779721C2 BaseClass: NativeClass:/Script/Engine.TextRenderActor Name:TextRenderActor_UAID_C8D9D20520E568B401_1968080549 Label:TextRenderActor3 SpatiallyLoaded:1 Bounds:IsValid=true, Min=(X=1670.000 Y=2290.000 Z=310.000), Max=(X=1670.000 Y=2587.500 Z=355.500) RuntimeGrid:None EditorOnly:0 RuntimeOnly:0 HLODRelevant:0
 |   |   |- [+] [ 22]
 |   |   |   |- Guid:316CF2A6494ACA4C0E4180A87D36AB8F BaseClass: NativeClass:/Script/Engine.ExponentialHeightFog Name:ExponentialHeightFog_0 Label:ExponentialHeightFog SpatiallyLoaded:0 Bounds:IsValid=true, Min=(X=-5600.000 Y=-50.000 Z=-6850.000), Max=(X=-5600.000 Y=-50.000 Z=-6850.000) RuntimeGrid:None EditorOnly:0 RuntimeOnly:0 HLODRelevant:0 FolderPath:Lighting FolderGuid:963EC3EB4002CCE9759E2EBA541A873A
 |   |   |- [+] [ 23]
 |   |   |   |- Guid:F1924B8D48954B30891B2DB6A694F9CC BaseClass: NativeClass:/Script/Engine.StaticMeshActor Name:StaticMeshActor_1 Label:SM_Cube SpatiallyLoaded:1 Bounds:IsValid=true, Min=(X=0.000 Y=0.000 Z=-50.000), Max=(X=5575.000 Y=3500.000 Z=0.000) RuntimeGrid:None EditorOnly:0 RuntimeOnly:0 HLODRelevant:1 FolderPath:Playground FolderGuid:C73F09FC4215536B1DCE2A9E0A830C70
 |   |   |- [+] [ 24]
 |   |   |   |- Guid:9401C25F473B2403E4F0B0A96F8F8B18 BaseClass: NativeClass:/Script/Engine.TextRenderActor Name:TextRenderActor_UAID_C8D9D20520E568B401_1992747550 Label:TextRenderActor4 SpatiallyLoaded:1 Bounds:IsValid=true, Min=(X=120.000 Y=2150.500 Z=250.000), Max=(X=120.000 Y=2560.000 Z=295.500) RuntimeGrid:None EditorOnly:0 RuntimeOnly:0 HLODRelevant:0
 |   |   |- [+] [ 25]
 |   |   |   |- Guid:1CC01EA64264F46E8084E597379048AB BaseClass:/Game/ThirdPerson/Blueprints/Nathan/Breakdoor.Breakdoor_C NativeClass:/Script/Engine.Actor Name:Breakdoor_C_UAID_0068EBB847723BB401_1371221630 Label:Breakdoor2 SpatiallyLoaded:1 Bounds:IsValid=true, Min=(X=1794.000 Y=2994.000 Z=-2.000), Max=(X=1846.000 Y=3106.000 Z=222.000) RuntimeGrid:None EditorOnly:0 RuntimeOnly:0 HLODRelevant:0
 |   |   |- [+] [ 26]
 |   |   |   |- Guid:8380207C4AE354ED05F6C59FAC24472A BaseClass:/Game/ThirdPerson/Blueprints/Nathan/WarterTest.WarterTest_C NativeClass:/Script/Engine.Actor Name:WarterTest_C_UAID_9840BB4B10F34DB601_1501391905 Label:WarterTest3 SpatiallyLoaded:1 Bounds:IsValid=true, Min=(X=3350.000 Y=2312.000 Z=734.000), Max=(X=3730.000 Y=2648.000 Z=766.000) RuntimeGrid:None EditorOnly:0 RuntimeOnly:0 HLODRelevant:0
 |   |   |- [+] [ 27]
 |   |   |   |- Guid:85E1D88A478ED2C41113A68128906C61 BaseClass:/Game/ThirdPerson/Blueprints/Nathan/NathanProjectiles/Projectile.Projectile_C NativeClass:/Script/Engine.Actor Name:Projectile_C_UAID_C8D9D20520E566B401_2111655192 Label:Projectile SpatiallyLoaded:1 Bounds:IsValid=true, Min=(X=1176.000 Y=596.000 Z=426.000), Max=(X=1204.000 Y=624.000 Z=454.000) RuntimeGrid:None EditorOnly:0 RuntimeOnly:0 HLODRelevant:0
 |   |   |- [+] [ 28]
 |   |   |   |- Guid:2FB58999456391D349DC0F86DAC136ED BaseClass: NativeClass:/Script/Engine.SkyLight Name:SkyLight_1 Label:SkyLight SpatiallyLoaded:0 Bounds:IsValid=true, Min=(X=0.000 Y=0.000 Z=690.000), Max=(X=0.000 Y=0.000 Z=690.000) RuntimeGrid:None EditorOnly:0 RuntimeOnly:0 HLODRelevant:0 FolderPath:Lighting FolderGuid:963EC3EB4002CCE9759E2EBA541A873A
 |   |   |- [+] [ 29]
 |   |   |   |- Guid:03A78AE9416BCA5AFF89F593808B35FD BaseClass:/Game/ThirdPerson/Blueprints/Nathan/Nathan_PickUps/PickUp2.PickUp2_C NativeClass:/Script/Engine.Actor Name:PickUp2_C_UAID_C8D9D20520E567B401_1917514370 Label:PickUp2 SpatiallyLoaded:1 Bounds:IsValid=true, Min=(X=256.000 Y=1166.000 Z=6.000), Max=(X=284.000 Y=1194.000 Z=34.000) RuntimeGrid:None EditorOnly:0 RuntimeOnly:0 HLODRelevant:0
 |   |   |- [+] [ 30]
 |   |   |   |- Guid:7651BE264DC068120693D98C652A8BD1 BaseClass: NativeClass:/Script/Engine.TextRenderActor Name:TextRenderActor_UAID_C8D9D20520E569B401_1891426732 Label:TextRenderActor6 SpatiallyLoaded:1 Bounds:IsValid=true, Min=(X=2020.000 Y=220.000 Z=490.000), Max=(X=2020.000 Y=918.250 Z=535.500) RuntimeGrid:None EditorOnly:0 RuntimeOnly:0 HLODRelevant:0
 |   |   |- [+] [ 31]
 |   |   |   |- Guid:CAAF79AD44E648F0CE5F8EAEA5E6E9B5 BaseClass:/Game/ThirdPerson/Blueprints/Nathan/AirLift.AirLift_C NativeClass:/Script/Engine.Actor Name:AirLift_C_UAID_0068EBB8477235B401_1848560567 Label:AirLift2 SpatiallyLoaded:1 Bounds:IsValid=true, Min=(X=2154.000 Y=2354.000 Z=-14.400), Max=(X=2266.000 Y=2466.000 Z=14.400) RuntimeGrid:None EditorOnly:0 RuntimeOnly:0 HLODRelevant:0
 |   |   |- [+] [ 32]
 |   |   |   |- Guid:5A20F4254497FFC0B42632B5F6E608E9 BaseClass:/Game/ThirdPerson/Blueprints/Nathan/IceDummy_2.IceDummy_2_C NativeClass:/Script/Engine.Actor Name:IceDummy_2_C_UAID_C8D9D20520E569B401_1556050730 Label:IceDummy_4 SpatiallyLoaded:1 Bounds:IsValid=true, Min=(X=3146.000 Y=1937.500 Z=-34.000), Max=(X=3174.000 Y=1962.500 Z=274.000) RuntimeGrid:None EditorOnly:0 RuntimeOnly:0 HLODRelevant:0
 |   |   |- [+] [ 33]
 |   |   |   |- Guid:B63FAE294336ED10BAB3949DD2258530 BaseClass:/Game/ThirdPerson/Blueprints/Nathan/Nathan_PickUps/PickUp3.PickUp3_C NativeClass:/Script/Engine.Actor Name:PickUp3_C_UAID_9840BB4B10F34FB601_1622987260 Label:PickUp6 SpatiallyLoaded:1 Bounds:IsValid=true, Min=(X=5442.000 Y=302.000 Z=-18.000), Max=(X=5498.000 Y=358.000 Z=38.000) RuntimeGrid:None EditorOnly:0 RuntimeOnly:0 HLODRelevant:0
 |   |   |- [+] [ 34]
 |   |   |   |- Guid:1F752B36409CB6650B5F48944494E889 BaseClass:/Game/ThirdPerson/Blueprints/Nathan/LightCharger.LightCharger_C NativeClass:/Script/Engine.Actor Name:LightCharger_C_UAID_D8CB8A6ED47244B301_1219026151 Label:LightCharger SpatiallyLoaded:1 Bounds:IsValid=true, Min=(X=122.000 Y=2322.000 Z=18.000), Max=(X=378.000 Y=2578.000 Z=82.000) RuntimeGrid:None EditorOnly:0 RuntimeOnly:0 HLODRelevant:0
 |   |   |- [+] [ 35]
 |   |   |   |- Guid:10EF22BE4AA808EF4D7B5F8F0BEFF37D BaseClass: NativeClass:/Script/Engine.TextRenderActor Name:TextRenderActor_UAID_C8D9D20520E569B401_1974335734 Label:TextRenderActor8 SpatiallyLoaded:1 Bounds:IsValid=true, Min=(X=2020.000 Y=160.000 Z=320.000), Max=(X=2020.000 Y=1189.000 Z=365.500) RuntimeGrid:None EditorOnly:0 RuntimeOnly:0 HLODRelevant:0
 |   |   |- [+] [ 36]
 |   |   |   |- Guid:C81D9CE84A7B0082BA1E968408D7DD48 BaseClass:/Game/ThirdPerson/Blueprints/Nathan/AirLift.AirLift_C NativeClass:/Script/Engine.Actor Name:AirLift_C_UAID_0068EBB84772E2B301_1986006961 Label:AirLift SpatiallyLoaded:1 Bounds:IsValid=true, Min=(X=1844.000 Y=1074.000 Z=-14.400), Max=(X=1956.000 Y=1186.000 Z=14.400) RuntimeGrid:None EditorOnly:0 RuntimeOnly:0 HLODRelevant:0
 |   |   |- [+] [ 37]
 |   |   |   |- Guid:ACEEBE814EFDEE320BD58CBF5CEDD7FE BaseClass: NativeClass:/Script/Engine.TextRenderActor Name:TextRenderActor_UAID_C8D9D20520E569B401_1932277733 Label:TextRenderActor7 SpatiallyLoaded:1 Bounds:IsValid=true, Min=(X=2020.000 Y=160.000 Z=450.000), Max=(X=2020.000 Y=1540.750 Z=495.500) RuntimeGrid:None EditorOnly:0 RuntimeOnly:0 HLODRelevant:0
 |   |   |- [+] [ 38]
 |   |   |   |- Guid:A56216954B2165CF0F35A886B537D536 BaseClass: NativeClass:/Script/Engine.StaticMeshActor Name:StaticMeshActor_0 Label:SM_Cube5 SpatiallyLoaded:1 Bounds:IsValid=true, Min=(X=-0.000 Y=100.000 Z=0.000), Max=(X=100.000 Y=3400.000 Z=1125.000) RuntimeGrid:None EditorOnly:0 RuntimeOnly:0 HLODRelevant:1 FolderPath:Playground FolderGuid:C73F09FC4215536B1DCE2A9E0A830C70
 |   |   |- [+] [ 39]
 |   |   |   |- Guid:017891E548CB58643208539D7E0376DE BaseClass:/Game/ThirdPerson/Blueprints/Nathan/IceDummy_2.IceDummy_2_C NativeClass:/Script/Engine.Actor Name:IceDummy_2_C_UAID_9840BB4B10F34FB601_1206706258 Label:IceDummy_6 SpatiallyLoaded:1 Bounds:IsValid=true, Min=(X=4996.000 Y=105.000 Z=-2.000), Max=(X=5024.000 Y=555.000 Z=222.000) RuntimeGrid:None EditorOnly:0 RuntimeOnly:0 HLODRelevant:0
 |   |   |- [+] [ 40]
 |   |   |   |- Guid:27F10F42477171C6D62CCFA618D9E1BA BaseClass:/Game/ThirdPerson/Blueprints/Nathan/WarterTest.WarterTest_C NativeClass:/Script/Engine.Actor Name:WarterTest_C_UAID_0068EBB8477235B401_2005968569 Label:WarterTest2 SpatiallyLoaded:1 Bounds:IsValid=true, Min=(X=1830.000 Y=2958.000 Z=-94.000), Max=(X=2590.000 Y=3182.000 Z=34.000) RuntimeGrid:None EditorOnly:0 RuntimeOnly:0 HLODRelevant:0
 |   |   |- [+] [ 41]
 |   |   |   |- Guid:C043F444405F0035E5F9DBB972A46971 BaseClass:/Game/ThirdPerson/Blueprints/Nathan/Breakdoor.Breakdoor_C NativeClass:/Script/Engine.Actor Name:Breakdoor_C_UAID_0068EBB847723BB401_1729609632 Label:Breakdoor4 SpatiallyLoaded:1 Bounds:IsValid=true, Min=(X=1794.000 Y=3084.000 Z=-2.000), Max=(X=1846.000 Y=3196.000 Z=222.000) RuntimeGrid:None EditorOnly:0 RuntimeOnly:0 HLODRelevant:0
 |   |   |- [+] [ 42]
 |   |   |   |- Guid:D51ACC9E42D97D192FF059AA803821D0 BaseClass:/Game/ThirdPerson/Blueprints/Nathan/BridgeTest.BridgeTest_C NativeClass:/Script/Engine.Actor Name:BridgeTest_C_UAID_C8D9D20520E569B401_1429153728 Label:BridgeTest SpatiallyLoaded:1 Bounds:IsValid=true, Min=(X=3135.000 Y=1700.000 Z=60.000), Max=(X=3785.000 Y=2000.000 Z=305.000) RuntimeGrid:None EditorOnly:0 RuntimeOnly:0 HLODRelevant:0
 |   |   |- [+] [ 43]
 |   |   |   |- Guid:64A21CDC4355102773EC4A8D04C8C0C6 BaseClass: NativeClass:/Script/Engine.TextRenderActor Name:TextRenderActor_UAID_C8D9D20520E569B401_1837145731 Label:TextRenderActor5 SpatiallyLoaded:1 Bounds:IsValid=true, Min=(X=2020.000 Y=220.000 Z=550.000), Max=(X=2020.000 Y=1025.000 Z=595.500) RuntimeGrid:None EditorOnly:0 RuntimeOnly:0 HLODRelevant:0
 |   |   |- [+] [ 44]
 |   |   |   |- Guid:BC08B79C4EA3C961CFF75EBBE83B367D BaseClass: NativeClass:/Script/Engine.StaticMeshActor Name:StaticMeshActor_5 Label:SM_Cube2 SpatiallyLoaded:1 Bounds:IsValid=true, Min=(X=0.000 Y=0.000 Z=0.000), Max=(X=5650.000 Y=100.000 Z=400.000) RuntimeGrid:None EditorOnly:0 RuntimeOnly:0 HLODRelevant:1 FolderPath:Playground FolderGuid:C73F09FC4215536B1DCE2A9E0A830C70
 |   |   |- [+] [ 45]
 |   |   |   |- Guid:FF698C67459ADB4982D7759C0905EE9F BaseClass: NativeClass:/Script/Engine.StaticMeshActor Name:StaticMeshActor_6 Label:SM_Cube3 SpatiallyLoaded:1 Bounds:IsValid=true, Min=(X=0.000 Y=3400.000 Z=0.000), Max=(X=5650.000 Y=3500.000 Z=400.000) RuntimeGrid:None EditorOnly:0 RuntimeOnly:0 HLODRelevant:1 FolderPath:Playground FolderGuid:C73F09FC4215536B1DCE2A9E0A830C70
 |   |   |- [+] [ 46]
 |   |   |   |- Guid:3A00AA1C422CE54C0BDB60BAF471BFBB BaseClass: NativeClass:/Script/Engine.PlayerStart Name:PlayerStart_0 Label:PlayerStart SpatiallyLoaded:0 Bounds:IsValid=true, Min=(X=860.000 Y=610.000 Z=0.013), Max=(X=940.000 Y=690.000 Z=184.013) RuntimeGrid:None EditorOnly:0 RuntimeOnly:0 HLODRelevant:0
 |   |   |- [+] [ 47]
 |   |   |   |- Guid:1CFD10E64AB87FDFF7143C83106266B9 BaseClass:/Game/ThirdPerson/Blueprints/Nathan/IceDummy_2.IceDummy_2_C NativeClass:/Script/Engine.Actor Name:IceDummy_2_C_UAID_9840BB4B10F34FB601_1397295259 Label:IceDummy_7 SpatiallyLoaded:1 Bounds:IsValid=true, Min=(X=5027.500 Y=536.000 Z=-2.000), Max=(X=5552.500 Y=564.000 Z=222.000) RuntimeGrid:None EditorOnly:0 RuntimeOnly:0 HLODRelevant:0
 |- ContainerInstances:
 |- [+] MainContainer:
 |   |-        ID: 0x0000000000000000
 |   |-    Bounds: IsValid=false, Min=(X=0.000 Y=0.000 Z=0.000), Max=(X=0.000 Y=0.000 Z=0.000)
 |   |- Transform: 0.000000,0.000000,0.000000|0.000000,0.000000,-0.000000|1.000000,1.000000,1.000000
 |   |- Container: /Game/ThirdPerson/Maps/ThirdPersonMap
----------------------------------------------------------------------------------------------------------------
ThirdPersonMap - Persistent Level
----------------------------------------------------------------------------------------------------------------
Always loaded Actor Count: 55 

----------------------------------------------------------------------------------------------------------------
ThirdPersonMap - Runtime Spatial Hash - Streaming Grid - MainGrid
----------------------------------------------------------------------------------------------------------------
            Origin: X=0.000 Y=0.000 Z=0.000
         Cell Size: 12800
      World Bounds: IsValid=false, Min=(X=0.000 Y=0.000 Z=0.000), Max=(X=0.000 Y=0.000 Z=0.000)
     Loading Range: 25600.00
Block Slow Loading: No
 ClientOnlyVisible: No

[+] Grid Levels: 1
 |- Level  0: Cell Count    0 | Cell Size   12800 | Actor Count    0 (0.0%)

[+] Content of Grid Level 0

